This is pdfTeX, Version 3.141592653-2.6-1.40.25 (TeX Live 2023/Debian) (preloaded format=pdflatex)
 restricted \write18 enabled.
entering extended mode
(./main.tex
LaTeX2e <2023-11-01> patch level 1
L3 programming layer <2024-01-22>
(/usr/share/texlive/texmf-dist/tex/latex/koma-script/scrartcl.cls
Document Class: scrartcl 2023/07/07 v3.41 KOMA-Script document class (article)
(/usr/share/texlive/texmf-dist/tex/latex/koma-script/scrkbase.sty
(/usr/share/texlive/texmf-dist/tex/latex/koma-script/scrbase.sty
(/usr/share/texlive/texmf-dist/tex/latex/koma-script/scrlfile.sty
(/usr/share/texlive/texmf-dist/tex/latex/koma-script/scrlfile-hook.sty
(/usr/share/texlive/texmf-dist/tex/latex/koma-script/scrlogo.sty)))
(/usr/share/texlive/texmf-dist/tex/latex/graphics/keyval.sty)))
(/usr/share/texlive/texmf-dist/tex/latex/koma-script/tocbasic.sty)
(/usr/share/texlive/texmf-dist/tex/latex/koma-script/scrsize12pt.clo)
(/usr/share/texlive/texmf-dist/tex/latex/koma-script/typearea.sty))
(/usr/share/texlive/texmf-dist/tex/latex/base/inputenc.sty)
(/usr/share/texlive/texmf-dist/tex/latex/base/fontenc.sty)
(/usr/share/texlive/texmf-dist/tex/generic/babel/babel.sty
(/usr/share/texlive/texmf-dist/tex/generic/babel/txtbabel.def)
(/usr/share/texlive/texmf-dist/tex/generic/babel-german/ngerman.ldf
(/usr/share/texlive/texmf-dist/tex/generic/babel-german/ngermanb.ldf)))
(/usr/share/texlive/texmf-dist/tex/generic/babel/locale/de/babel-ngerman.tex)
(/usr/share/texlive/texmf-dist/tex/latex/koma-script/scrlayer-scrpage.sty
(/usr/share/texlive/texmf-dist/tex/latex/koma-script/scrlayer.sty))
(/usr/share/texlive/texmf-dist/tex/latex/graphics/graphicx.sty
(/usr/share/texlive/texmf-dist/tex/latex/graphics/graphics.sty
(/usr/share/texlive/texmf-dist/tex/latex/graphics/trig.sty)
(/usr/share/texlive/texmf-dist/tex/latex/graphics-cfg/graphics.cfg)
(/usr/share/texlive/texmf-dist/tex/latex/graphics-def/pdftex.def)))
(/usr/share/texlive/texmf-dist/tex/latex/xcolor/xcolor.sty
(/usr/share/texlive/texmf-dist/tex/latex/graphics-cfg/color.cfg)
(/usr/share/texlive/texmf-dist/tex/latex/graphics/mathcolor.ltx))
(/usr/share/texlive/texmf-dist/tex/latex/hyperref/hyperref.sty
(/usr/share/texlive/texmf-dist/tex/generic/iftex/iftex.sty)
(/usr/share/texlive/texmf-dist/tex/latex/kvsetkeys/kvsetkeys.sty)
(/usr/share/texlive/texmf-dist/tex/generic/kvdefinekeys/kvdefinekeys.sty)
(/usr/share/texlive/texmf-dist/tex/generic/pdfescape/pdfescape.sty
(/usr/share/texlive/texmf-dist/tex/generic/ltxcmds/ltxcmds.sty)
(/usr/share/texlive/texmf-dist/tex/generic/pdftexcmds/pdftexcmds.sty
(/usr/share/texlive/texmf-dist/tex/generic/infwarerr/infwarerr.sty)))
(/usr/share/texlive/texmf-dist/tex/latex/hycolor/hycolor.sty)
(/usr/share/texlive/texmf-dist/tex/latex/auxhook/auxhook.sty)
(/usr/share/texlive/texmf-dist/tex/latex/hyperref/nameref.sty
(/usr/share/texlive/texmf-dist/tex/latex/refcount/refcount.sty)
(/usr/share/texlive/texmf-dist/tex/generic/gettitlestring/gettitlestring.sty
(/usr/share/texlive/texmf-dist/tex/latex/kvoptions/kvoptions.sty)))
(/usr/share/texlive/texmf-dist/tex/latex/etoolbox/etoolbox.sty)
(/usr/share/texlive/texmf-dist/tex/latex/hyperref/pd1enc.def)
(/usr/share/texlive/texmf-dist/tex/generic/intcalc/intcalc.sty)
(/usr/share/texlive/texmf-dist/tex/latex/hyperref/puenc.def)
(/usr/share/texlive/texmf-dist/tex/latex/url/url.sty)
(/usr/share/texlive/texmf-dist/tex/generic/bitset/bitset.sty
(/usr/share/texlive/texmf-dist/tex/generic/bigintcalc/bigintcalc.sty))
(/usr/share/texlive/texmf-dist/tex/latex/base/atbegshi-ltx.sty))
(/usr/share/texlive/texmf-dist/tex/latex/hyperref/hpdftex.def
(/usr/share/texlive/texmf-dist/tex/latex/base/atveryend-ltx.sty)
(/usr/share/texlive/texmf-dist/tex/latex/rerunfilecheck/rerunfilecheck.sty
(/usr/share/texlive/texmf-dist/tex/generic/uniquecounter/uniquecounter.sty)))
(/usr/share/texlive/texmf-dist/tex/latex/geometry/geometry.sty
(/usr/share/texlive/texmf-dist/tex/generic/iftex/ifvtex.sty))
(/usr/share/texlive/texmf-dist/tex/latex/setspace/setspace.sty)
(/usr/share/texmf/tex/latex/lm/lmodern.sty)
(/usr/share/texlive/texmf-dist/tex/latex/microtype/microtype.sty
(/usr/share/texlive/texmf-dist/tex/latex/microtype/microtype-pdftex.def)
(/usr/share/texlive/texmf-dist/tex/latex/microtype/microtype.cfg))
(/usr/share/texlive/texmf-dist/tex/latex/amsmath/amsmath.sty
For additional information on amsmath, use the `?' option.
(/usr/share/texlive/texmf-dist/tex/latex/amsmath/amstext.sty
(/usr/share/texlive/texmf-dist/tex/latex/amsmath/amsgen.sty))
(/usr/share/texlive/texmf-dist/tex/latex/amsmath/amsbsy.sty)
(/usr/share/texlive/texmf-dist/tex/latex/amsmath/amsopn.sty))
(/usr/share/texlive/texmf-dist/tex/latex/amsfonts/amssymb.sty
(/usr/share/texlive/texmf-dist/tex/latex/amsfonts/amsfonts.sty))
(/usr/share/texlive/texmf-dist/tex/latex/booktabs/booktabs.sty)
(/usr/share/texlive/texmf-dist/tex/latex/tools/array.sty)
(/usr/share/texlive/texmf-dist/tex/latex/tools/tabularx.sty)
(/usr/share/texlive/texmf-dist/tex/latex/tools/longtable.sty)
(/usr/share/texlive/texmf-dist/tex/latex/float/float.sty)
(/usr/share/texmf/tex/latex/lm/t1lmr.fd)
(/usr/share/texlive/texmf-dist/tex/latex/l3backend/l3backend-pdftex.def)
(./main.aux) (/usr/share/texlive/texmf-dist/tex/context/base/mkii/supp-pdf.mkii

[Loading MPS to PDF converter (version 2006.09.02).]
) (/usr/share/texlive/texmf-dist/tex/latex/epstopdf-pkg/epstopdf-base.sty
(/usr/share/texlive/texmf-dist/tex/latex/latexconfig/epstopdf-sys.cfg))
(./main.out) (./main.out)
(/usr/share/texlive/texmf-dist/tex/latex/bookmark/bookmark.sty
(/usr/share/texlive/texmf-dist/tex/latex/bookmark/bkm-pdftex.def))
*geometry* detected driver: pdftex

Package microtype Warning: Unable to apply patch `footnote' on input line 103.

(/usr/share/texlive/texmf-dist/tex/latex/microtype/mt-cmr.cfg)
(/usr/share/texmf/tex/latex/lm/ot1lmr.fd)
(/usr/share/texmf/tex/latex/lm/omllmm.fd)
(/usr/share/texmf/tex/latex/lm/omslmsy.fd)
(/usr/share/texmf/tex/latex/lm/omxlmex.fd)
(/usr/share/texlive/texmf-dist/tex/latex/amsfonts/umsa.fd)
(/usr/share/texlive/texmf-dist/tex/latex/microtype/mt-msa.cfg)
(/usr/share/texlive/texmf-dist/tex/latex/amsfonts/umsb.fd)
(/usr/share/texlive/texmf-dist/tex/latex/microtype/mt-msb.cfg) [1{/var/lib/texm
f/fonts/map/pdftex/updmap/pdftex.map}{/usr/share/texmf/fonts/enc/dvips/lm/lm-ec
.enc} <./logos/logo_dhbw.png>] (/usr/share/texmf/tex/latex/lm/t1lmss.fd)
(./main.toc [2]) [3{/usr/share/texmf/fonts/enc/dvips/lm/lm-mathsy.enc}]
(./main.lof) [4] (./sections/01_einleitung.tex
(/usr/share/texmf/tex/latex/lm/ts1lmr.fd) [1{/usr/share/texmf/fonts/enc/dvips/l
m/lm-ts1.enc}]) (./sections/02_gesamtarchitektur.tex [2] [3
pdfTeX warning (ext4): destination with the same identifier (name{figure.1}) ha
s been already used, duplicate ignored
<argument> ...shipout:D \box_use:N \l_shipout_box 
                                                  \__shipout_drop_firstpage_...
l.52   \item D
              er \textbf{TTC-Observer} verarbeitet Sensordaten zur Bestimmun...

pdfTeX warning (ext4): destination with the same identifier (name{figure.2}) ha
s been already used, duplicate ignored
<argument> ...shipout:D \box_use:N \l_shipout_box 
                                                  \__shipout_drop_firstpage_...
l.52   \item D
              er \textbf{TTC-Observer} verarbeitet Sensordaten zur Bestimmun...
 <../Diagram_SE/01_Context.png> <../Diagram_SE/02_Component_Overview.png>]
Overfull \hbox (17.15063pt too wide) in paragraph at lines 52--54
[]\T1/lmr/m/n/12 (-20) Der \T1/lmr/bx/n/12 (-20) TTC-Observer \T1/lmr/m/n/12 (-
20) ver-ar-bei-tet Sens-or-da-ten zur Be-stim-mung der Fahr-zo-ne (GrŘn/Gelb)
(/usr/share/texmf/tex/latex/lm/t1lmtt.fd)
Overfull \hbox (4.75713pt too wide) in paragraph at lines 67--69
\T1/lmr/m/n/12 (-20) Die fol-gen-den Klas-sen-dia-gram-me zei-gen At-tri-bu-te 
und ÷f-fent-li-che Ope-ra-tio-nen pro Hardware-

Overfull \hbox (14.06758pt too wide) in paragraph at lines 84--86
[]\T1/lmr/m/n/12 (-20) Berechnet Time-To-Collision aus Sens-or-da-ten; sen-det 
ZoneUpdate-Kommandos
[4
pdfTeX warning (ext4): destination with the same identifier (name{figure.3}) ha
s been already used, duplicate ignored
<argument> ...shipout:D \box_use:N \l_shipout_box 
                                                  \__shipout_drop_firstpage_...
l.86   \item[\texttt{SensorFusionAdapter}]
                                           <../Diagram_SE/02_Jetson_ClassDiagra
m.png>]
Overfull \hbox (29.29402pt too wide) in paragraph at lines 105--107
\T1/lmr/m/n/12 (-20) Pakete um. []\T1/lmr/m/it/12 (-20) [An-nah-me: CAN-Datenkl
asse als ei-ge-ne Klas-se mo-del-liert (OOP-Anforderung).][] 
[5
pdfTeX warning (ext4): destination with the same identifier (name{figure.4}) ha
s been already used, duplicate ignored
<argument> ...shipout:D \box_use:N \l_shipout_box 
                                                  \__shipout_drop_firstpage_...
l.120 
       <../Diagram_SE/02_Master_ClassDiagram.png>]
Overfull \hbox (11.11984pt too wide) in paragraph at lines 130--132
[]\T1/lmr/m/n/12 (-20) Abstrahiert die Mo-tor-steue-rung; emp-fńngt aus-schlie 
-lich Stop-/Freigabe-
) (./sections/03_deployment.tex [6
pdfTeX warning (ext4): destination with the same identifier (name{figure.5}) ha
s been already used, duplicate ignored
<argument> ...shipout:D \box_use:N \l_shipout_box 
                                                  \__shipout_drop_firstpage_...
l.16 
      <../Diagram_SE/02_Slave_ClassDiagram.png>]
Underfull \hbox (badness 10000) in paragraph at lines 26--28
[]|\T1/lmtt/m/n/12 AutonomyController\T1/lmr/m/n/12 (+20) , \T1/lmtt/m/n/12 TTC
Observer\T1/lmr/m/n/12 (+20) ,

Underfull \hbox (badness 10000) in paragraph at lines 32--34
[]|\T1/lmtt/m/n/12 EnvironmentControl\T1/lmr/m/n/12 (+20) , \T1/lmtt/m/n/12 Eme
rgencyStop\T1/lmr/m/n/12 (+20) ,
[7
pdfTeX warning (ext4): destination with the same identifier (name{figure.6}) ha
s been already used, duplicate ignored
<argument> ...shipout:D \box_use:N \l_shipout_box 
                                                  \__shipout_drop_firstpage_...
l.58   \item \textbf
                    {Determinismus:} Der Slave f├╝hrt eine einfache Echtzeit...
 <../Diagram_SE/03_Deployment.png>]) (./sections/04_dynamik.tex
Underfull \hbox (badness 10000) in paragraph at lines 63--4

[8
pdfTeX warning (ext4): destination with the same identifier (name{figure.7}) ha
s been already used, duplicate ignored
<argument> ...shipout:D \box_use:N \l_shipout_box 
                                                  \__shipout_drop_firstpage_...
l.32   \item D
              as CAN-Paket wird vom \texttt{EnvironmentControl}-Interface au...
{/usr/share/texmf/fonts/enc/dvips/lm/lm-rm.enc} <../Diagram_SE/04_Sequence_Safe
tyZone.png>] [9
pdfTeX warning (ext4): destination with the same identifier (name{figure.8}) ha
s been already used, duplicate ignored
<argument> ...shipout:D \box_use:N \l_shipout_box 
                                                  \__shipout_drop_firstpage_...
l.64   \item \texttt
                    {Logger} registriert \texttt{INFO: System startup comple...
 <../Diagram_SE/05_Sequence_Startup.png>] [10
pdfTeX warning (ext4): destination with the same identifier (name{figure.9}) ha
s been already used, duplicate ignored
<argument> ...shipout:D \box_use:N \l_shipout_box 
                                                  \__shipout_drop_firstpage_...
l.104 
       <../Diagram_SE/05_Sequence_Release.png>] [11
pdfTeX warning (ext4): destination with the same identifier (name{figure.10}) h
as been already used, duplicate ignored
<argument> ...shipout:D \box_use:N \l_shipout_box 
                                                  \__shipout_drop_firstpage_...
l.120 
       <../Diagram_SE/05_Sequence_ReleaseRejected.png>] [12
pdfTeX warning (ext4): destination with the same identifier (name{figure.11}) h
as been already used, duplicate ignored
<argument> ...shipout:D \box_use:N \l_shipout_box 
                                                  \__shipout_drop_firstpage_...
l.143 
       <../Diagram_SE/05_Sequence_Error.png>])
(./sections/05_detailed_design.tex [13
pdfTeX warning (ext4): destination with the same identifier (name{figure.12}) h
as been already used, duplicate ignored
<argument> ...shipout:D \box_use:N \l_shipout_box 
                                                  \__shipout_drop_firstpage_...
l.21 
      <../Diagram_SE/05_Sequence_Shutdown.png>]
Overfull \hbox (19.61679pt too wide) in paragraph at lines 35--35
[]|\T1/lmtt/m/n/12 DriveControlUnit*| 

Underfull \hbox (badness 10000) in paragraph at lines 49--50
[]|\T1/lmtt/m/n/12 onZoneUpdate(zone: Zone) :
[14
pdfTeX warning (ext4): destination with the same identifier (name{figure.13}) h
as been already used, duplicate ignored
<argument> ...shipout:D \box_use:N \l_shipout_box 
                                                  \__shipout_drop_firstpage_...
l.63 \end{center}
                  <../Diagram_SE/06_EStop_Class_Detailed.png>]
Underfull \hbox (badness 3229) in paragraph at lines 79--80
[]|\T1/lmr/m/n/12 (+20) Setzt Zu-stand auf \T1/lmtt/m/n/12 SoftStop\T1/lmr/m/n/
12 (+20) ; ruft

Underfull \hbox (badness 10000) in paragraph at lines 81--82
[]|\T1/lmr/m/n/12 (+20) Sendet Stop-Befehl an

Underfull \hbox (badness 10000) in paragraph at lines 83--84
[]|\T1/lmr/m/n/12 (+20) Sendet Freigabe-Befehl an

Underfull \hbox (badness 10000) in paragraph at lines 85--86
[]|\T1/lmr/m/n/12 (+20) PrŘft: \T1/lmtt/m/n/12 !safetyZoneActive &&

Underfull \hbox (badness 10000) in paragraph at lines 86--87
[]|\T1/lmtt/m/n/12 logEvent(level: LogLevel, msg:

Underfull \hbox (badness 10000) in paragraph at lines 88--89
[]|\T1/lmtt/m/n/12 transitionTo(state:
[15]
Overfull \hbox (11.74983pt too wide) in paragraph at lines 112--113
[][][][][][] 
[16] [17
pdfTeX warning (ext4): destination with the same identifier (name{figure.14}) h
as been already used, duplicate ignored
<argument> ...shipout:D \box_use:N \l_shipout_box 
                                                  \__shipout_drop_firstpage_...
l.130   \item \textbf
                     {Event-Empfang} ├╝ber eine ├Âffentliche Methode <../Diagra
m_SE/06_EStop_Internal_Sequence.png>]
Overfull \hbox (24.99393pt too wide) in paragraph at lines 152--154
\T1/lmr/m/n/12 (-20) Der Zu-stands-au-to-mat (Ab-bil-dung [][]15[][]) de-fi-nie
rt das voll-stńn-di-ge Ver-hal-ten von \T1/lmtt/m/n/12 EmergencyStop\T1/lmr/m/n
/12 (-20) . 
[18
pdfTeX warning (ext4): destination with the same identifier (name{figure.15}) h
as been already used, duplicate ignored
<argument> ...shipout:D \box_use:N \l_shipout_box 
                                                  \__shipout_drop_firstpage_...
l.155 \subsubsection
                    {Zustands├╝berg├Ąnge} <../Diagram_SE/06_EStop_StateMachine.
png>]
Underfull \hbox (badness 10000) in paragraph at lines 164--164
[]|\T1/lmr/m/n/12 (+20) ReleaseRequest

Underfull \hbox (badness 10000) in paragraph at lines 166--166
[]|\T1/lmr/m/n/12 (+20) EmergencyButton /

Underfull \hbox (badness 10000) in paragraph at lines 169--169
[]|\T1/lmr/m/n/12 (+20) ReleaseRequest

Underfull \hbox (badness 10000) in paragraph at lines 170--170
[]|\T1/lmr/m/n/12 (+20) ReleaseRequest

Underfull \hbox (badness 10000) in paragraph at lines 192--192
[][]\T1/lmr/bx/n/12 (+20) TODO: \T1/lmr/m/n/12 (+20) Activity-Diagramme fŘr die
 wich-tigs-ten pri-va-ten Me-tho-den
) (./sections/06_entscheidungen.tex
Underfull \hbox (badness 10000) in paragraph at lines 192--4

[19]
Underfull \hbox (badness 10000) in paragraph at lines 18--19
[]|\T1/lmr/m/n/12 (+20) Volle Kon-trol-le, mi-ni-ma-ler

Underfull \hbox (badness 4072) in paragraph at lines 19--20
[]|\T1/lmr/m/n/12 (+20) OOP (Klas-sen, Ver-er-bung),

Underfull \hbox (badness 10000) in paragraph at lines 21--22
[]|\T1/lmr/m/n/12 (+20) Keine Ob-jek-t-ori-en-tie-rung,

Underfull \hbox (badness 10000) in paragraph at lines 22--23
[]|\T1/lmr/m/n/12 (+20) Leicht er-h÷h-ter Code-

Underfull \hbox (badness 4859) in paragraph at lines 22--23
\T1/lmr/m/n/12 (+20) Footprint, RT-TI/Exceptions

Underfull \hbox (badness 3219) in paragraph at lines 26--27
[]|\T1/lmr/bx/n/12 (+20) Eignung Jet-son
[20]
Overfull \hbox (36.78717pt too wide) in paragraph at lines 43--45
[]\T1/lmr/m/n/12 (-20) Die \T1/lmtt/m/n/12 Logger\T1/lmr/m/n/12 (-20) -Klasse, 
\T1/lmtt/m/n/12 DriveControlUnit\T1/lmr/m/n/12 (-20) -Abstraktion und das In-te
r-face \T1/lmtt/m/n/12 EnvironmentControl

Overfull \hbox (11.74983pt too wide) in paragraph at lines 56--57
[][][][][][] 
[21]) (./sections/07_traceability.tex
Underfull \hbox (badness 10000) in paragraph at lines 14--14
[]|\T1/lmr/bx/n/12 (+20) Anforderung (Auf-ga-ben-stel-

Overfull \hbox (27.72028pt too wide) in paragraph at lines 24--25
\T1/lmr/m/n/12 (-20) 02_Component_Overview.png| 

Overfull \hbox (24.39622pt too wide) in paragraph at lines 27--28
\T1/lmr/m/n/12 (-20) 02_Jetson_ClassDiagram.png| 

Overfull \hbox (27.11313pt too wide) in paragraph at lines 30--31
\T1/lmr/m/n/12 (-20) 02_Master_ClassDiagram.png| 

Overfull \hbox (18.08443pt too wide) in paragraph at lines 33--34
\T1/lmr/m/n/12 (-20) 02_Slave_ClassDiagram.png| 

Underfull \hbox (badness 6893) in paragraph at lines 36--37
[]|\T1/lmr/m/n/12 (+20) Hardware/Software-Mapping (De-

Overfull \hbox (23.56151pt too wide) in paragraph at lines 41--42
\T1/lmr/m/n/12 (-20) 04_Sequence_SafetyZone.png| 

Overfull \hbox (6.61589pt too wide) in paragraph at lines 45--46
\T1/lmr/m/n/12 (-20) 05_Sequence_Startup.png| 

Overfull \hbox (18.1183pt too wide) in paragraph at lines 48--49
\T1/lmr/m/n/12 (-20) 05_Sequence_Shutdown.png| 

Overfull \hbox (5.55711pt too wide) in paragraph at lines 54--55
\T1/lmr/m/n/12 (-20) 05_Sequence_Release.png| 

Overfull \hbox (48.89514pt too wide) in paragraph at lines 57--58
\T1/lmr/m/n/12 (-20) 05_Sequence_ReleaseRejected.png| 

Overfull \hbox (30.4054pt too wide) in paragraph at lines 61--62
\T1/lmr/m/n/12 (-20) 06_EStop_Class_Detailed.png

Overfull \hbox (47.38132pt too wide) in paragraph at lines 64--65
\T1/lmr/m/n/12 (-20) 06_EStop_Internal_Sequence.png| 

Overfull \hbox (21.797pt too wide) in paragraph at lines 67--68
\T1/lmr/m/n/12 (-20) 06_EStop_StateMachine.png| 
[22{/usr/share/texmf/fonts/enc/dvips/lm/lm-mathit.enc}] [23])
(./sections/08_naechste_schritte.tex
Overfull \hbox (23.23248pt too wide) in paragraph at lines 22--28
[]\T1/lmr/bx/n/12 (-20) [P1 ^^U De-tai-led De-sign] Voll-stńn-di-ge Me-tho-den-
lis-te mit Vor-/Nachbedingungen. 
[24]) [25] (./main.aux) )
(see the transcript file for additional information)</usr/share/texmf/fonts/typ
e1/public/lm/lmbx12.pfb></usr/share/texmf/fonts/type1/public/lm/lmmi12.pfb></us
r/share/texmf/fonts/type1/public/lm/lmr12.pfb></usr/share/texmf/fonts/type1/pub
lic/lm/lmr17.pfb></usr/share/texmf/fonts/type1/public/lm/lmri12.pfb></usr/share
/texmf/fonts/type1/public/lm/lmssbx10.pfb></usr/share/texmf/fonts/type1/public/
lm/lmsy10.pfb></usr/share/texmf/fonts/type1/public/lm/lmtk10.pfb></usr/share/te
xmf/fonts/type1/public/lm/lmtt12.pfb>
Output written on main.pdf (29 pages, 751923 bytes).
Transcript written on main.log.
