This is pdfTeX, Version 3.141592653-2.6-1.40.25 (TeX Live 2023/Debian) (preloaded format=pdflatex)
 restricted \write18 enabled.
entering extended mode
(./main.tex
LaTeX2e <2023-11-01> patch level 1
L3 programming layer <2024-01-22>
(/usr/share/texlive/texmf-dist/tex/latex/koma-script/scrartcl.cls
Document Class: scrartcl 2023/07/07 v3.41 KOMA-Script document class (article)
(/usr/share/texlive/texmf-dist/tex/latex/koma-script/scrkbase.sty
(/usr/share/texlive/texmf-dist/tex/latex/koma-script/scrbase.sty
(/usr/share/texlive/texmf-dist/tex/latex/koma-script/scrlfile.sty
(/usr/share/texlive/texmf-dist/tex/latex/koma-script/scrlfile-hook.sty
(/usr/share/texlive/texmf-dist/tex/latex/koma-script/scrlogo.sty)))
(/usr/share/texlive/texmf-dist/tex/latex/graphics/keyval.sty)))
(/usr/share/texlive/texmf-dist/tex/latex/koma-script/tocbasic.sty)
(/usr/share/texlive/texmf-dist/tex/latex/koma-script/scrsize12pt.clo)
(/usr/share/texlive/texmf-dist/tex/latex/koma-script/typearea.sty))
(/usr/share/texlive/texmf-dist/tex/latex/base/inputenc.sty)
(/usr/share/texlive/texmf-dist/tex/latex/base/fontenc.sty)
(/usr/share/texlive/texmf-dist/tex/generic/babel/babel.sty
(/usr/share/texlive/texmf-dist/tex/generic/babel/txtbabel.def)
(/usr/share/texlive/texmf-dist/tex/generic/babel-german/ngerman.ldf
(/usr/share/texlive/texmf-dist/tex/generic/babel-german/ngermanb.ldf)))
(/usr/share/texlive/texmf-dist/tex/generic/babel/locale/de/babel-ngerman.tex)
(/usr/share/texlive/texmf-dist/tex/latex/koma-script/scrlayer-scrpage.sty
(/usr/share/texlive/texmf-dist/tex/latex/koma-script/scrlayer.sty))
(/usr/share/texlive/texmf-dist/tex/latex/graphics/graphicx.sty
(/usr/share/texlive/texmf-dist/tex/latex/graphics/graphics.sty
(/usr/share/texlive/texmf-dist/tex/latex/graphics/trig.sty)
(/usr/share/texlive/texmf-dist/tex/latex/graphics-cfg/graphics.cfg)
(/usr/share/texlive/texmf-dist/tex/latex/graphics-def/pdftex.def)))
(/usr/share/texlive/texmf-dist/tex/latex/xcolor/xcolor.sty
(/usr/share/texlive/texmf-dist/tex/latex/graphics-cfg/color.cfg)
(/usr/share/texlive/texmf-dist/tex/latex/graphics/mathcolor.ltx))
(/usr/share/texlive/texmf-dist/tex/latex/hyperref/hyperref.sty
(/usr/share/texlive/texmf-dist/tex/generic/iftex/iftex.sty)
(/usr/share/texlive/texmf-dist/tex/latex/kvsetkeys/kvsetkeys.sty)
(/usr/share/texlive/texmf-dist/tex/generic/kvdefinekeys/kvdefinekeys.sty)
(/usr/share/texlive/texmf-dist/tex/generic/pdfescape/pdfescape.sty
(/usr/share/texlive/texmf-dist/tex/generic/ltxcmds/ltxcmds.sty)
(/usr/share/texlive/texmf-dist/tex/generic/pdftexcmds/pdftexcmds.sty
(/usr/share/texlive/texmf-dist/tex/generic/infwarerr/infwarerr.sty)))
(/usr/share/texlive/texmf-dist/tex/latex/hycolor/hycolor.sty)
(/usr/share/texlive/texmf-dist/tex/latex/auxhook/auxhook.sty)
(/usr/share/texlive/texmf-dist/tex/latex/hyperref/nameref.sty
(/usr/share/texlive/texmf-dist/tex/latex/refcount/refcount.sty)
(/usr/share/texlive/texmf-dist/tex/generic/gettitlestring/gettitlestring.sty
(/usr/share/texlive/texmf-dist/tex/latex/kvoptions/kvoptions.sty)))
(/usr/share/texlive/texmf-dist/tex/latex/etoolbox/etoolbox.sty)
(/usr/share/texlive/texmf-dist/tex/latex/hyperref/pd1enc.def)
(/usr/share/texlive/texmf-dist/tex/generic/intcalc/intcalc.sty)
(/usr/share/texlive/texmf-dist/tex/latex/hyperref/puenc.def)
(/usr/share/texlive/texmf-dist/tex/latex/url/url.sty)
(/usr/share/texlive/texmf-dist/tex/generic/bitset/bitset.sty
(/usr/share/texlive/texmf-dist/tex/generic/bigintcalc/bigintcalc.sty))
(/usr/share/texlive/texmf-dist/tex/latex/base/atbegshi-ltx.sty))
(/usr/share/texlive/texmf-dist/tex/latex/hyperref/hpdftex.def
(/usr/share/texlive/texmf-dist/tex/latex/base/atveryend-ltx.sty)
(/usr/share/texlive/texmf-dist/tex/latex/rerunfilecheck/rerunfilecheck.sty
(/usr/share/texlive/texmf-dist/tex/generic/uniquecounter/uniquecounter.sty)))
(/usr/share/texlive/texmf-dist/tex/latex/geometry/geometry.sty
(/usr/share/texlive/texmf-dist/tex/generic/iftex/ifvtex.sty))
(/usr/share/texlive/texmf-dist/tex/latex/setspace/setspace.sty)
(/usr/share/texmf/tex/latex/lm/lmodern.sty)
(/usr/share/texlive/texmf-dist/tex/latex/microtype/microtype.sty
(/usr/share/texlive/texmf-dist/tex/latex/microtype/microtype-pdftex.def)
(/usr/share/texlive/texmf-dist/tex/latex/microtype/microtype.cfg))
(/usr/share/texlive/texmf-dist/tex/latex/amsmath/amsmath.sty
For additional information on amsmath, use the `?' option.
(/usr/share/texlive/texmf-dist/tex/latex/amsmath/amstext.sty
(/usr/share/texlive/texmf-dist/tex/latex/amsmath/amsgen.sty))
(/usr/share/texlive/texmf-dist/tex/latex/amsmath/amsbsy.sty)
(/usr/share/texlive/texmf-dist/tex/latex/amsmath/amsopn.sty))
(/usr/share/texlive/texmf-dist/tex/latex/amsfonts/amssymb.sty
(/usr/share/texlive/texmf-dist/tex/latex/amsfonts/amsfonts.sty))
(/usr/share/texlive/texmf-dist/tex/latex/booktabs/booktabs.sty)
(/usr/share/texlive/texmf-dist/tex/latex/tools/array.sty)
(/usr/share/texlive/texmf-dist/tex/latex/tools/tabularx.sty)
(/usr/share/texlive/texmf-dist/tex/latex/tools/longtable.sty)
(/usr/share/texlive/texmf-dist/tex/latex/float/float.sty)
(/usr/share/texmf/tex/latex/lm/t1lmr.fd)
(/usr/share/texlive/texmf-dist/tex/latex/l3backend/l3backend-pdftex.def)
No file main.aux.
(/usr/share/texlive/texmf-dist/tex/context/base/mkii/supp-pdf.mkii
[Loading MPS to PDF converter (version 2006.09.02).]
) (/usr/share/texlive/texmf-dist/tex/latex/epstopdf-pkg/epstopdf-base.sty
(/usr/share/texlive/texmf-dist/tex/latex/latexconfig/epstopdf-sys.cfg))
(/usr/share/texlive/texmf-dist/tex/latex/bookmark/bookmark.sty
(/usr/share/texlive/texmf-dist/tex/latex/bookmark/bkm-pdftex.def))
*geometry* detected driver: pdftex

Package microtype Warning: Unable to apply patch `footnote' on input line 103.

(/usr/share/texlive/texmf-dist/tex/latex/microtype/mt-cmr.cfg)
(/usr/share/texmf/tex/latex/lm/ot1lmr.fd)
(/usr/share/texmf/tex/latex/lm/omllmm.fd)
(/usr/share/texmf/tex/latex/lm/omslmsy.fd)
(/usr/share/texmf/tex/latex/lm/omxlmex.fd)
(/usr/share/texlive/texmf-dist/tex/latex/amsfonts/umsa.fd)
(/usr/share/texlive/texmf-dist/tex/latex/microtype/mt-msa.cfg)
(/usr/share/texlive/texmf-dist/tex/latex/amsfonts/umsb.fd)
(/usr/share/texlive/texmf-dist/tex/latex/microtype/mt-msb.cfg) [1{/var/lib/texm
f/fonts/map/pdftex/updmap/pdftex.map}{/usr/share/texmf/fonts/enc/dvips/lm/lm-ec
.enc} <./logos/logo_dhbw.png>] (/usr/share/texmf/tex/latex/lm/t1lmss.fd)
No file main.toc.
[2]
No file main.lof.
[3] (./sections/01_einleitung.tex (/usr/share/texmf/tex/latex/lm/ts1lmr.fd)
[1{/usr/share/texmf/fonts/enc/dvips/lm/lm-ts1.enc}]

LaTeX Warning: Reference `sec:gesamtarchitektur' on page 2 undefined on input l
ine 63.


LaTeX Warning: Reference `sec:deployment' on page 2 undefined on input line 64.



LaTeX Warning: Reference `sec:dynamik' on page 2 undefined on input line 65.


LaTeX Warning: Reference `sec:detaileddesign' on page 2 undefined on input line
 66.


LaTeX Warning: Reference `sec:entscheidungen' on page 2 undefined on input line
 67.


LaTeX Warning: Reference `sec:traceability' on page 2 undefined on input line 6
8.


LaTeX Warning: Reference `sec:naechste_schritte' on page 2 undefined on input l
ine 69.

) (./sections/02_gesamtarchitektur.tex [2{/usr/share/texmf/fonts/enc/dvips/lm/l
m-mathsy.enc}]

LaTeX Warning: Reference `fig:component_overview' on page 3 undefined on input 
line 41.

[3
pdfTeX warning (ext4): destination with the same identifier (name{figure.1}) ha
s been already used, duplicate ignored
<argument> ...shipout:D \box_use:N \l_shipout_box 
                                                  \__shipout_drop_firstpage_...
l.52   \item D
              er \textbf{TTC-Observer} verarbeitet Sensordaten zur Bestimmun...

pdfTeX warning (ext4): destination with the same identifier (name{figure.2}) ha
s been already used, duplicate ignored
<argument> ...shipout:D \box_use:N \l_shipout_box 
                                                  \__shipout_drop_firstpage_...
l.52   \item D
              er \textbf{TTC-Observer} verarbeitet Sensordaten zur Bestimmun...
 <../Diagram_SE/01_Context.png> <../Diagram_SE/02_Component_Overview.png>]
Overfull \hbox (17.15063pt too wide) in paragraph at lines 52--54
[]\T1/lmr/m/n/12 (-20) Der \T1/lmr/bx/n/12 (-20) TTC-Observer \T1/lmr/m/n/12 (-
20) ver-ar-bei-tet Sens-or-da-ten zur Be-stim-mung der Fahr-zo-ne (Grün/Gelb)
(/usr/share/texmf/tex/latex/lm/t1lmtt.fd)
Overfull \hbox (4.75713pt too wide) in paragraph at lines 67--69
\T1/lmr/m/n/12 (-20) Die fol-gen-den Klas-sen-dia-gram-me zei-gen At-tri-bu-te 
und öf-fent-li-che Ope-ra-tio-nen pro Hardware-

Overfull \hbox (14.06758pt too wide) in paragraph at lines 84--86
[]\T1/lmr/m/n/12 (-20) Berechnet Time-To-Collision aus Sens-or-da-ten; sen-det 
ZoneUpdate-Kommandos
[4
pdfTeX warning (ext4): destination with the same identifier (name{figure.3}) ha
s been already used, duplicate ignored
<argument> ...shipout:D \box_use:N \l_shipout_box 
                                                  \__shipout_drop_firstpage_...
l.86   \item[\texttt{SensorFusionAdapter}]
                                           <../Diagram_SE/02_Jetson_ClassDiagra
m.png>] [5
pdfTeX warning (ext4): destination with the same identifier (name{figure.4}) ha
s been already used, duplicate ignored
<argument> ...shipout:D \box_use:N \l_shipout_box 
                                                  \__shipout_drop_firstpage_...
l.118 \begin{center}
                     <../Diagram_SE/02_Master_ClassDiagram.png>]
Underfull \hbox (badness 7116) in paragraph at lines 126--127
[]|\T1/lmr/m/n/12 (+20) Nutzdaten (bis zu 8Byte, CAN-
[6
pdfTeX warning (ext4): destination with the same identifier (name{figure.5}) ha
s been already used, duplicate ignored
<argument> ...shipout:D \box_use:N \l_shipout_box 
                                                  \__shipout_drop_firstpage_...
l.151   \item[\texttt{EmergencyStop}]
                                      <../Diagram_SE/02_Slave_ClassDiagram.png>
]

LaTeX Warning: Reference `sec:detaileddesign' on page 7 undefined on input line
 152.


Overfull \hbox (11.11984pt too wide) in paragraph at lines 155--157
[]\T1/lmr/m/n/12 (-20) Abstrahiert die Mo-tor-steue-rung; emp-fängt aus-schlie˙
-lich Stop-/Freigabe-
) (./sections/03_deployment.tex

LaTeX Warning: Reference `fig:deployment' on page 7 undefined on input line 7.


Underfull \hbox (badness 10000) in paragraph at lines 26--28
[]|\T1/lmtt/m/n/12 AutonomyController\T1/lmr/m/n/12 (+20) , \T1/lmtt/m/n/12 TTC
Observer\T1/lmr/m/n/12 (+20) ,

Underfull \hbox (badness 10000) in paragraph at lines 32--34
[]|\T1/lmtt/m/n/12 EnvironmentControl\T1/lmr/m/n/12 (+20) , \T1/lmtt/m/n/12 Eme
rgencyStop\T1/lmr/m/n/12 (+20) ,
[7
pdfTeX warning (ext4): destination with the same identifier (name{figure.6}) ha
s been already used, duplicate ignored
<argument> ...shipout:D \box_use:N \l_shipout_box 
                                                  \__shipout_drop_firstpage_...
l.36 \end{center}
                  <../Diagram_SE/03_Deployment.png>]

LaTeX Warning: Reference `sec:klassendiagramme' on page 8 undefined on input li
ne 45.

[8{/usr/share/texmf/fonts/enc/dvips/lm/lm-rm.enc}{/usr/share/texmf/fonts/enc/dv
ips/lm/lm-mathit.enc}]) (./sections/04_dynamik.tex [9
pdfTeX warning (ext4): destination with the same identifier (name{figure.7}) ha
s been already used, duplicate ignored
<argument> ...shipout:D \box_use:N \l_shipout_box 
                                                  \__shipout_drop_firstpage_...
l.34   \item D
              er Emergency Stop wechselt in den Zustand \texttt{EmergencyStop},
 <../Diagram_SE/04_Sequence_SafetyZone.png>]

LaTeX Warning: Reference `sec:seq_release' on page 10 undefined on input line 4
1.

[10
pdfTeX warning (ext4): destination with the same identifier (name{figure.8}) ha
s been already used, duplicate ignored
<argument> ...shipout:D \box_use:N \l_shipout_box 
                                                  \__shipout_drop_firstpage_...
l.64   \item \texttt
                    {Logger} registriert \texttt{INFO: System startup comple...
 <../Diagram_SE/05_Sequence_Startup.png>] [11
pdfTeX warning (ext4): destination with the same identifier (name{figure.9}) ha
s been already used, duplicate ignored
<argument> ...shipout:D \box_use:N \l_shipout_box 
                                                  \__shipout_drop_firstpage_...
l.104 
       <../Diagram_SE/05_Sequence_Release.png>] [12
pdfTeX warning (ext4): destination with the same identifier (name{figure.10}) h
as been already used, duplicate ignored
<argument> ...shipout:D \box_use:N \l_shipout_box 
                                                  \__shipout_drop_firstpage_...
l.120 
       <../Diagram_SE/05_Sequence_ReleaseRejected.png>] [13
pdfTeX warning (ext4): destination with the same identifier (name{figure.11}) h
as been already used, duplicate ignored
<argument> ...shipout:D \box_use:N \l_shipout_box 
                                                  \__shipout_drop_firstpage_...
l.143 
       <../Diagram_SE/05_Sequence_Error.png>])
(./sections/05_detailed_design.tex [14
pdfTeX warning (ext4): destination with the same identifier (name{figure.12}) h
as been already used, duplicate ignored
<argument> ...shipout:D \box_use:N \l_shipout_box 
                                                  \__shipout_drop_firstpage_...
l.21 
      <../Diagram_SE/05_Sequence_Shutdown.png>]
Overfull \hbox (19.61679pt too wide) in paragraph at lines 35--35
[]|\T1/lmtt/m/n/12 DriveControlUnit*| 

Underfull \hbox (badness 10000) in paragraph at lines 49--50
[]|\T1/lmtt/m/n/12 onZoneUpdate(zone: Zone) :
[15
pdfTeX warning (ext4): destination with the same identifier (name{figure.13}) h
as been already used, duplicate ignored
<argument> ...shipout:D \box_use:N \l_shipout_box 
                                                  \__shipout_drop_firstpage_...
l.63 \end{center}
                  <../Diagram_SE/06_EStop_Class_Detailed.png>]
Underfull \hbox (badness 3229) in paragraph at lines 79--80
[]|\T1/lmr/m/n/12 (+20) Setzt Zu-stand auf \T1/lmtt/m/n/12 SoftStop\T1/lmr/m/n/
12 (+20) ; ruft

Underfull \hbox (badness 10000) in paragraph at lines 81--82
[]|\T1/lmr/m/n/12 (+20) Sendet Stop-Befehl an

Underfull \hbox (badness 10000) in paragraph at lines 83--84
[]|\T1/lmr/m/n/12 (+20) Sendet Freigabe-Befehl an

Underfull \hbox (badness 10000) in paragraph at lines 85--86
[]|\T1/lmr/m/n/12 (+20) Prüft: \T1/lmtt/m/n/12 !safetyZoneActive &&

Underfull \hbox (badness 10000) in paragraph at lines 86--87
[]|\T1/lmtt/m/n/12 logEvent(level: LogLevel, msg:

Underfull \hbox (badness 10000) in paragraph at lines 88--89
[]|\T1/lmtt/m/n/12 transitionTo(state:
[16]
Overfull \hbox (1.24356pt too wide) in paragraph at lines 122--123
[]|\T1/lmr/m/n/12 (-20) triggerEmergencyStop()| 

Underfull \hbox (badness 10000) in paragraph at lines 123--124
[]|\T1/lmtt/m/n/12 currentState =

Underfull \hbox (badness 10000) in paragraph at lines 124--127
[]|\T1/lmtt/m/n/12 currentState ==

Underfull \hbox (badness 10000) in paragraph at lines 124--127
\T1/lmtt/m/n/12 EmergencyStop\T1/lmr/m/n/12 (+20) ;

Underfull \hbox (badness 10000) in paragraph at lines 124--127
\T1/lmtt/m/n/12 DriveControlUnit \T1/lmr/m/n/12 (+20) ge-

Underfull \hbox (badness 10000) in paragraph at lines 128--129
[]|\T1/lmtt/m/n/12 currentState =

Underfull \hbox (badness 10000) in paragraph at lines 129--132
[]|\T1/lmtt/m/n/12 currentState

Underfull \hbox (badness 10000) in paragraph at lines 129--132
\T1/lmtt/m/n/12 == SoftStop\T1/lmr/m/n/12 (+20) ;

Underfull \hbox (badness 10000) in paragraph at lines 129--132
\T1/lmtt/m/n/12 DriveControlUnit \T1/lmr/m/n/12 (+20) ge-

Underfull \hbox (badness 10000) in paragraph at lines 134--136
[]|\T1/lmr/m/n/12 (+20) Stop-Befehl an

Underfull \hbox (badness 10000) in paragraph at lines 134--136
\T1/lmtt/m/n/12 DriveControlUnit \T1/lmr/m/n/12 (+20) ge-

Underfull \hbox (badness 10000) in paragraph at lines 134--136
\T1/lmr/m/n/12 (+20) sen-det; Rück-ga-be-wert

Underfull \hbox (badness 10000) in paragraph at lines 137--139
[]|\T1/lmtt/m/n/12 currentState ==

Underfull \hbox (badness 10000) in paragraph at lines 137--139
\T1/lmtt/m/n/12 Normal\T1/lmr/m/n/12 (+20) ; \T1/lmtt/m/n/12 driveRef =

Underfull \hbox (badness 1701) in paragraph at lines 139--141
[]|\T1/lmr/m/n/12 (+20) Freigabe-Befehl ge-sen-det;

Underfull \hbox (badness 10000) in paragraph at lines 143--145
[]|\T1/lmr/m/n/12 (+20) Gibt \T1/lmtt/m/n/12 true \T1/lmr/m/n/12 (+20) gdw.

Underfull \hbox (badness 10000) in paragraph at lines 143--145
\T1/lmtt/m/n/12 !safetyZoneActive

Underfull \hbox (badness 10000) in paragraph at lines 143--145
\T1/lmtt/m/n/12 && !errorFlag\T1/lmr/m/n/12 (+20) ; kein

Underfull \hbox (badness 10000) in paragraph at lines 146--148
[]|\T1/lmtt/m/n/12 loggerRef = nullptr\T1/lmr/m/n/12 (+20) ;

Underfull \hbox (badness 2012) in paragraph at lines 148--150
[]|\T1/lmr/m/n/12 (+20) Eintrag mit Zeit-stem-pel

Underfull \hbox (badness 10000) in paragraph at lines 151--153
[]|\T1/lmtt/m/n/12 state \T1/lmr/m/n/12 (+20) ist gül-ti-ger

Underfull \hbox (badness 10000) in paragraph at lines 151--153
\T1/lmtt/m/n/12 EStopState\T1/lmr/m/n/12 (+20) ; Über-gang

Underfull \hbox (badness 10000) in paragraph at lines 153--155
[]|\T1/lmtt/m/n/12 currentState ==

Underfull \hbox (badness 10000) in paragraph at lines 153--155
\T1/lmtt/m/n/12 state\T1/lmr/m/n/12 (+20) ; Über-gang via

Underfull \hbox (badness 10000) in paragraph at lines 153--155
\T1/lmtt/m/n/12 logEvent(INFO, ...)
[17] [18]

LaTeX Warning: Reference `fig:estop_seq' on page 19 undefined on input line 169
.

[19
pdfTeX warning (ext4): destination with the same identifier (name{figure.14}) h
as been already used, duplicate ignored
<argument> ...shipout:D \box_use:N \l_shipout_box 
                                                  \__shipout_drop_firstpage_...
l.174   \item \textbf
                     {Event-Empfang} ĂĽber eine Ă¶ffentliche Methode <../Diagra
m_SE/06_EStop_Internal_Sequence.png>]

LaTeX Warning: Reference `fig:estop_statemachine' on page 20 undefined on input
 line 196.


Overfull \hbox (26.22894pt too wide) in paragraph at lines 196--198
\T1/lmr/m/n/12 (-20) Der Zu-stands-au-to-mat (Ab-bil-dung []) de-fi-niert das v
oll-stän-di-ge Ver-hal-ten von \T1/lmtt/m/n/12 EmergencyStop\T1/lmr/m/n/12 (-20
) . 
[20
pdfTeX warning (ext4): destination with the same identifier (name{figure.15}) h
as been already used, duplicate ignored
<argument> ...shipout:D \box_use:N \l_shipout_box 
                                                  \__shipout_drop_firstpage_...
l.199 \subsubsection
                    {ZustandsĂĽbergĂ¤nge} <../Diagram_SE/06_EStop_StateMachine.
png>]
Underfull \hbox (badness 10000) in paragraph at lines 208--208
[]|\T1/lmr/m/n/12 (+20) ReleaseRequest

Underfull \hbox (badness 10000) in paragraph at lines 210--210
[]|\T1/lmr/m/n/12 (+20) EmergencyButton /

Underfull \hbox (badness 10000) in paragraph at lines 213--213
[]|\T1/lmr/m/n/12 (+20) ReleaseRequest

Underfull \hbox (badness 10000) in paragraph at lines 214--214
[]|\T1/lmr/m/n/12 (+20) ReleaseRequest
[21]

LaTeX Warning: Reference `sec:estop_statemachine' on page 22 undefined on input
 line 241.

) (./sections/06_entscheidungen.tex
Underfull \hbox (badness 10000) in paragraph at lines 18--19
[]|\T1/lmr/m/n/12 (+20) Volle Kon-trol-le, mi-ni-ma-ler

Underfull \hbox (badness 4072) in paragraph at lines 19--20
[]|\T1/lmr/m/n/12 (+20) OOP (Klas-sen, Ver-er-bung),

Underfull \hbox (badness 10000) in paragraph at lines 21--22
[]|\T1/lmr/m/n/12 (+20) Keine Ob-jek-t-ori-en-tie-rung,

Underfull \hbox (badness 10000) in paragraph at lines 22--23
[]|\T1/lmr/m/n/12 (+20) Leicht er-höh-ter Code-

Underfull \hbox (badness 4859) in paragraph at lines 22--23
\T1/lmr/m/n/12 (+20) Footprint, RT-TI/Exceptions

Underfull \hbox (badness 3219) in paragraph at lines 26--27
[]|\T1/lmr/bx/n/12 (+20) Eignung Jet-son
[22] [23] [24]) (./sections/07_traceability.tex
Underfull \hbox (badness 10000) in paragraph at lines 14--14
[]|\T1/lmr/bx/n/12 (+20) Anforderung (Auf-ga-ben-stel-

LaTeX Warning: Reference `fig:context' on page 25 undefined on input line 21.


LaTeX Warning: Reference `sec:systemkontext' on page 25 undefined on input line
 22.


LaTeX Warning: Reference `fig:component_overview' on page 25 undefined on input
 line 24.


Overfull \hbox (27.72028pt too wide) in paragraph at lines 24--25
\T1/lmr/m/n/12 (-20) 02_Component_Overview.png| 

LaTeX Warning: Reference `sec:component_overview' on page 25 undefined on input
 line 25.


LaTeX Warning: Reference `fig:jetson_classes' on page 25 undefined on input lin
e 27.


Overfull \hbox (24.39622pt too wide) in paragraph at lines 27--28
\T1/lmr/m/n/12 (-20) 02_Jetson_ClassDiagram.png| 

LaTeX Warning: Reference `sec:klassendiagramme' on page 25 undefined on input l
ine 28.


LaTeX Warning: Reference `fig:master_classes' on page 25 undefined on input lin
e 30.


Overfull \hbox (27.11313pt too wide) in paragraph at lines 30--31
\T1/lmr/m/n/12 (-20) 02_Master_ClassDiagram.png| 

LaTeX Warning: Reference `sec:klassendiagramme' on page 25 undefined on input l
ine 31.


LaTeX Warning: Reference `fig:slave_classes' on page 25 undefined on input line
 33.


Overfull \hbox (18.08443pt too wide) in paragraph at lines 33--34
\T1/lmr/m/n/12 (-20) 02_Slave_ClassDiagram.png| 

LaTeX Warning: Reference `sec:klassendiagramme' on page 25 undefined on input l
ine 34.


Underfull \hbox (badness 6893) in paragraph at lines 36--37
[]|\T1/lmr/m/n/12 (+20) Hardware/Software-Mapping (De-

LaTeX Warning: Reference `fig:deployment' on page 25 undefined on input line 37
.


LaTeX Warning: Reference `sec:deployment' on page 25 undefined on input line 38
.


LaTeX Warning: Reference `fig:seq_safetyzone' on page 25 undefined on input lin
e 41.


Overfull \hbox (23.56151pt too wide) in paragraph at lines 41--42
\T1/lmr/m/n/12 (-20) 04_Sequence_SafetyZone.png| 

LaTeX Warning: Reference `sec:seq_safetyzone' on page 25 undefined on input lin
e 42.


LaTeX Warning: Reference `fig:seq_startup' on page 25 undefined on input line 4
5.


Overfull \hbox (6.61589pt too wide) in paragraph at lines 45--46
\T1/lmr/m/n/12 (-20) 05_Sequence_Startup.png| 

LaTeX Warning: Reference `sec:seq_startup' on page 25 undefined on input line 4
6.


LaTeX Warning: Reference `fig:seq_shutdown' on page 25 undefined on input line 
48.


Overfull \hbox (18.1183pt too wide) in paragraph at lines 48--49
\T1/lmr/m/n/12 (-20) 05_Sequence_Shutdown.png| 

LaTeX Warning: Reference `sec:seq_shutdown' on page 25 undefined on input line 
49.


LaTeX Warning: Reference `fig:seq_error' on page 25 undefined on input line 51.



LaTeX Warning: Reference `sec:seq_error' on page 25 undefined on input line 52.



LaTeX Warning: Reference `fig:seq_release' on page 25 undefined on input line 5
4.


Overfull \hbox (5.55711pt too wide) in paragraph at lines 54--55
\T1/lmr/m/n/12 (-20) 05_Sequence_Release.png| 

LaTeX Warning: Reference `sec:seq_release' on page 25 undefined on input line 5
5.


LaTeX Warning: Reference `fig:seq_releaserejected' on page 25 undefined on inpu
t line 57.


Overfull \hbox (48.89514pt too wide) in paragraph at lines 57--58
\T1/lmr/m/n/12 (-20) 05_Sequence_ReleaseRejected.png| 

LaTeX Warning: Reference `sec:seq_releaserejected' on page 25 undefined on inpu
t line 58.


LaTeX Warning: Reference `fig:estop_class' on page 25 undefined on input line 6
1.


Overfull \hbox (30.4054pt too wide) in paragraph at lines 61--62
\T1/lmr/m/n/12 (-20) 06_EStop_Class_Detailed.png

LaTeX Warning: Reference `sec:estop_klassen' on page 25 undefined on input line
 62.


LaTeX Warning: Reference `fig:estop_seq' on page 25 undefined on input line 64.



Overfull \hbox (47.38132pt too wide) in paragraph at lines 64--65
\T1/lmr/m/n/12 (-20) 06_EStop_Internal_Sequence.png| 

LaTeX Warning: Reference `sec:estop_seq' on page 25 undefined on input line 65.



LaTeX Warning: Reference `fig:estop_statemachine' on page 25 undefined on input
 line 67.


Overfull \hbox (21.797pt too wide) in paragraph at lines 67--68
\T1/lmr/m/n/12 (-20) 06_EStop_StateMachine.png| 

LaTeX Warning: Reference `sec:estop_statemachine' on page 25 undefined on input
 line 68.


LaTeX Warning: Reference `sec:sprachauswahl' on page 25 undefined on input line
 72.


LaTeX Warning: Reference `sec:entsch_verteilung' on page 25 undefined on input 
line 75.


LaTeX Warning: Reference `sec:naechste_schritte' on page 25 undefined on input 
line 79.

[25] [26]) (./sections/08_naechste_schritte.tex

LaTeX Warning: Reference `sec:estop_statemachine' on page 27 undefined on input
 line 18.


Overfull \hbox (23.23248pt too wide) in paragraph at lines 22--28
[]\T1/lmr/bx/n/12 (-20) [P1 ^^U De-tai-led De-sign] Voll-stän-di-ge Me-tho-den-
lis-te mit Vor-/Nachbedingungen. 

LaTeX Warning: Reference `sec:sprachauswahl' on page 27 undefined on input line
 31.


LaTeX Warning: Reference `sec:klassendiagramme' on page 27 undefined on input l
ine 38.

[27]

LaTeX Warning: Reference `sec:deployment' on page 28 undefined on input line 45
.

) [28] (./main.aux)

LaTeX Warning: There were undefined references.


LaTeX Warning: Label(s) may have changed. Rerun to get cross-references right.


Package rerunfilecheck Warning: File `main.out' has changed.
(rerunfilecheck)                Rerun to get outlines right
(rerunfilecheck)                or use package `bookmark'.

 )
(see the transcript file for additional information)</usr/share/texmf/fonts/typ
e1/public/lm/lmbx12.pfb></usr/share/texmf/fonts/type1/public/lm/lmmi12.pfb></us
r/share/texmf/fonts/type1/public/lm/lmr12.pfb></usr/share/texmf/fonts/type1/pub
lic/lm/lmr17.pfb></usr/share/texmf/fonts/type1/public/lm/lmri12.pfb></usr/share
/texmf/fonts/type1/public/lm/lmssbx10.pfb></usr/share/texmf/fonts/type1/public/
lm/lmsy10.pfb></usr/share/texmf/fonts/type1/public/lm/lmtk10.pfb></usr/share/te
xmf/fonts/type1/public/lm/lmtt12.pfb>
Output written on main.pdf (31 pages, 753312 bytes).
Transcript written on main.log.
This is pdfTeX, Version 3.141592653-2.6-1.40.25 (TeX Live 2023/Debian) (preloaded format=pdflatex)
 restricted \write18 enabled.
entering extended mode
(./main.tex
LaTeX2e <2023-11-01> patch level 1
L3 programming layer <2024-01-22>
(/usr/share/texlive/texmf-dist/tex/latex/koma-script/scrartcl.cls
Document Class: scrartcl 2023/07/07 v3.41 KOMA-Script document class (article)
(/usr/share/texlive/texmf-dist/tex/latex/koma-script/scrkbase.sty
(/usr/share/texlive/texmf-dist/tex/latex/koma-script/scrbase.sty
(/usr/share/texlive/texmf-dist/tex/latex/koma-script/scrlfile.sty
(/usr/share/texlive/texmf-dist/tex/latex/koma-script/scrlfile-hook.sty
(/usr/share/texlive/texmf-dist/tex/latex/koma-script/scrlogo.sty)))
(/usr/share/texlive/texmf-dist/tex/latex/graphics/keyval.sty)))
(/usr/share/texlive/texmf-dist/tex/latex/koma-script/tocbasic.sty)
(/usr/share/texlive/texmf-dist/tex/latex/koma-script/scrsize12pt.clo)
(/usr/share/texlive/texmf-dist/tex/latex/koma-script/typearea.sty))
(/usr/share/texlive/texmf-dist/tex/latex/base/inputenc.sty)
(/usr/share/texlive/texmf-dist/tex/latex/base/fontenc.sty)
(/usr/share/texlive/texmf-dist/tex/generic/babel/babel.sty
(/usr/share/texlive/texmf-dist/tex/generic/babel/txtbabel.def)
(/usr/share/texlive/texmf-dist/tex/generic/babel-german/ngerman.ldf
(/usr/share/texlive/texmf-dist/tex/generic/babel-german/ngermanb.ldf)))
(/usr/share/texlive/texmf-dist/tex/generic/babel/locale/de/babel-ngerman.tex)
(/usr/share/texlive/texmf-dist/tex/latex/koma-script/scrlayer-scrpage.sty
(/usr/share/texlive/texmf-dist/tex/latex/koma-script/scrlayer.sty))
(/usr/share/texlive/texmf-dist/tex/latex/graphics/graphicx.sty
(/usr/share/texlive/texmf-dist/tex/latex/graphics/graphics.sty
(/usr/share/texlive/texmf-dist/tex/latex/graphics/trig.sty)
(/usr/share/texlive/texmf-dist/tex/latex/graphics-cfg/graphics.cfg)
(/usr/share/texlive/texmf-dist/tex/latex/graphics-def/pdftex.def)))
(/usr/share/texlive/texmf-dist/tex/latex/xcolor/xcolor.sty
(/usr/share/texlive/texmf-dist/tex/latex/graphics-cfg/color.cfg)
(/usr/share/texlive/texmf-dist/tex/latex/graphics/mathcolor.ltx))
(/usr/share/texlive/texmf-dist/tex/latex/hyperref/hyperref.sty
(/usr/share/texlive/texmf-dist/tex/generic/iftex/iftex.sty)
(/usr/share/texlive/texmf-dist/tex/latex/kvsetkeys/kvsetkeys.sty)
(/usr/share/texlive/texmf-dist/tex/generic/kvdefinekeys/kvdefinekeys.sty)
(/usr/share/texlive/texmf-dist/tex/generic/pdfescape/pdfescape.sty
(/usr/share/texlive/texmf-dist/tex/generic/ltxcmds/ltxcmds.sty)
(/usr/share/texlive/texmf-dist/tex/generic/pdftexcmds/pdftexcmds.sty
(/usr/share/texlive/texmf-dist/tex/generic/infwarerr/infwarerr.sty)))
(/usr/share/texlive/texmf-dist/tex/latex/hycolor/hycolor.sty)
(/usr/share/texlive/texmf-dist/tex/latex/auxhook/auxhook.sty)
(/usr/share/texlive/texmf-dist/tex/latex/hyperref/nameref.sty
(/usr/share/texlive/texmf-dist/tex/latex/refcount/refcount.sty)
(/usr/share/texlive/texmf-dist/tex/generic/gettitlestring/gettitlestring.sty
(/usr/share/texlive/texmf-dist/tex/latex/kvoptions/kvoptions.sty)))
(/usr/share/texlive/texmf-dist/tex/latex/etoolbox/etoolbox.sty)
(/usr/share/texlive/texmf-dist/tex/latex/hyperref/pd1enc.def)
(/usr/share/texlive/texmf-dist/tex/generic/intcalc/intcalc.sty)
(/usr/share/texlive/texmf-dist/tex/latex/hyperref/puenc.def)
(/usr/share/texlive/texmf-dist/tex/latex/url/url.sty)
(/usr/share/texlive/texmf-dist/tex/generic/bitset/bitset.sty
(/usr/share/texlive/texmf-dist/tex/generic/bigintcalc/bigintcalc.sty))
(/usr/share/texlive/texmf-dist/tex/latex/base/atbegshi-ltx.sty))
(/usr/share/texlive/texmf-dist/tex/latex/hyperref/hpdftex.def
(/usr/share/texlive/texmf-dist/tex/latex/base/atveryend-ltx.sty)
(/usr/share/texlive/texmf-dist/tex/latex/rerunfilecheck/rerunfilecheck.sty
(/usr/share/texlive/texmf-dist/tex/generic/uniquecounter/uniquecounter.sty)))
(/usr/share/texlive/texmf-dist/tex/latex/geometry/geometry.sty
(/usr/share/texlive/texmf-dist/tex/generic/iftex/ifvtex.sty))
(/usr/share/texlive/texmf-dist/tex/latex/setspace/setspace.sty)
(/usr/share/texmf/tex/latex/lm/lmodern.sty)
(/usr/share/texlive/texmf-dist/tex/latex/microtype/microtype.sty
(/usr/share/texlive/texmf-dist/tex/latex/microtype/microtype-pdftex.def)
(/usr/share/texlive/texmf-dist/tex/latex/microtype/microtype.cfg))
(/usr/share/texlive/texmf-dist/tex/latex/amsmath/amsmath.sty
For additional information on amsmath, use the `?' option.
(/usr/share/texlive/texmf-dist/tex/latex/amsmath/amstext.sty
(/usr/share/texlive/texmf-dist/tex/latex/amsmath/amsgen.sty))
(/usr/share/texlive/texmf-dist/tex/latex/amsmath/amsbsy.sty)
(/usr/share/texlive/texmf-dist/tex/latex/amsmath/amsopn.sty))
(/usr/share/texlive/texmf-dist/tex/latex/amsfonts/amssymb.sty
(/usr/share/texlive/texmf-dist/tex/latex/amsfonts/amsfonts.sty))
(/usr/share/texlive/texmf-dist/tex/latex/booktabs/booktabs.sty)
(/usr/share/texlive/texmf-dist/tex/latex/tools/array.sty)
(/usr/share/texlive/texmf-dist/tex/latex/tools/tabularx.sty)
(/usr/share/texlive/texmf-dist/tex/latex/tools/longtable.sty)
(/usr/share/texlive/texmf-dist/tex/latex/float/float.sty)
(/usr/share/texmf/tex/latex/lm/t1lmr.fd)
(/usr/share/texlive/texmf-dist/tex/latex/l3backend/l3backend-pdftex.def)
(./main.aux) (/usr/share/texlive/texmf-dist/tex/context/base/mkii/supp-pdf.mkii

[Loading MPS to PDF converter (version 2006.09.02).]
) (/usr/share/texlive/texmf-dist/tex/latex/epstopdf-pkg/epstopdf-base.sty
(/usr/share/texlive/texmf-dist/tex/latex/latexconfig/epstopdf-sys.cfg))
(./main.out) (./main.out)
(/usr/share/texlive/texmf-dist/tex/latex/bookmark/bookmark.sty
(/usr/share/texlive/texmf-dist/tex/latex/bookmark/bkm-pdftex.def))
*geometry* detected driver: pdftex

Package microtype Warning: Unable to apply patch `footnote' on input line 103.

(/usr/share/texlive/texmf-dist/tex/latex/microtype/mt-cmr.cfg)
(/usr/share/texmf/tex/latex/lm/ot1lmr.fd)
(/usr/share/texmf/tex/latex/lm/omllmm.fd)
(/usr/share/texmf/tex/latex/lm/omslmsy.fd)
(/usr/share/texmf/tex/latex/lm/omxlmex.fd)
(/usr/share/texlive/texmf-dist/tex/latex/amsfonts/umsa.fd)
(/usr/share/texlive/texmf-dist/tex/latex/microtype/mt-msa.cfg)
(/usr/share/texlive/texmf-dist/tex/latex/amsfonts/umsb.fd)
(/usr/share/texlive/texmf-dist/tex/latex/microtype/mt-msb.cfg) [1{/var/lib/texm
f/fonts/map/pdftex/updmap/pdftex.map}{/usr/share/texmf/fonts/enc/dvips/lm/lm-ec
.enc} <./logos/logo_dhbw.png>] (/usr/share/texmf/tex/latex/lm/t1lmss.fd)
(./main.toc [2]) [3{/usr/share/texmf/fonts/enc/dvips/lm/lm-mathsy.enc}]
(./main.lof) [4] (./sections/01_einleitung.tex
(/usr/share/texmf/tex/latex/lm/ts1lmr.fd) [1{/usr/share/texmf/fonts/enc/dvips/l
m/lm-ts1.enc}]) (./sections/02_gesamtarchitektur.tex [2] [3
pdfTeX warning (ext4): destination with the same identifier (name{figure.1}) ha
s been already used, duplicate ignored
<argument> ...shipout:D \box_use:N \l_shipout_box 
                                                  \__shipout_drop_firstpage_...
l.52   \item D
              er \textbf{TTC-Observer} verarbeitet Sensordaten zur Bestimmun...

pdfTeX warning (ext4): destination with the same identifier (name{figure.2}) ha
s been already used, duplicate ignored
<argument> ...shipout:D \box_use:N \l_shipout_box 
                                                  \__shipout_drop_firstpage_...
l.52   \item D
              er \textbf{TTC-Observer} verarbeitet Sensordaten zur Bestimmun...
 <../Diagram_SE/01_Context.png> <../Diagram_SE/02_Component_Overview.png>]
Overfull \hbox (17.15063pt too wide) in paragraph at lines 52--54
[]\T1/lmr/m/n/12 (-20) Der \T1/lmr/bx/n/12 (-20) TTC-Observer \T1/lmr/m/n/12 (-
20) ver-ar-bei-tet Sens-or-da-ten zur Be-stim-mung der Fahr-zo-ne (Grün/Gelb)
(/usr/share/texmf/tex/latex/lm/t1lmtt.fd)
Overfull \hbox (4.75713pt too wide) in paragraph at lines 67--69
\T1/lmr/m/n/12 (-20) Die fol-gen-den Klas-sen-dia-gram-me zei-gen At-tri-bu-te 
und öf-fent-li-che Ope-ra-tio-nen pro Hardware-

Overfull \hbox (14.06758pt too wide) in paragraph at lines 84--86
[]\T1/lmr/m/n/12 (-20) Berechnet Time-To-Collision aus Sens-or-da-ten; sen-det 
ZoneUpdate-Kommandos
[4
pdfTeX warning (ext4): destination with the same identifier (name{figure.3}) ha
s been already used, duplicate ignored
<argument> ...shipout:D \box_use:N \l_shipout_box 
                                                  \__shipout_drop_firstpage_...
l.86   \item[\texttt{SensorFusionAdapter}]
                                           <../Diagram_SE/02_Jetson_ClassDiagra
m.png>] [5
pdfTeX warning (ext4): destination with the same identifier (name{figure.4}) ha
s been already used, duplicate ignored
<argument> ...shipout:D \box_use:N \l_shipout_box 
                                                  \__shipout_drop_firstpage_...
l.118 \begin{center}
                     <../Diagram_SE/02_Master_ClassDiagram.png>]
Underfull \hbox (badness 7116) in paragraph at lines 126--127
[]|\T1/lmr/m/n/12 (+20) Nutzdaten (bis zu 8Byte, CAN-
[6
pdfTeX warning (ext4): destination with the same identifier (name{figure.5}) ha
s been already used, duplicate ignored
<argument> ...shipout:D \box_use:N \l_shipout_box 
                                                  \__shipout_drop_firstpage_...
l.151   \item[\texttt{EmergencyStop}]
                                      <../Diagram_SE/02_Slave_ClassDiagram.png>
]
Overfull \hbox (11.11984pt too wide) in paragraph at lines 155--157
[]\T1/lmr/m/n/12 (-20) Abstrahiert die Mo-tor-steue-rung; emp-fängt aus-schlie˙
-lich Stop-/Freigabe-
) (./sections/03_deployment.tex
Underfull \hbox (badness 10000) in paragraph at lines 26--28
[]|\T1/lmtt/m/n/12 AutonomyController\T1/lmr/m/n/12 (+20) , \T1/lmtt/m/n/12 TTC
Observer\T1/lmr/m/n/12 (+20) ,

Underfull \hbox (badness 10000) in paragraph at lines 32--34
[]|\T1/lmtt/m/n/12 EnvironmentControl\T1/lmr/m/n/12 (+20) , \T1/lmtt/m/n/12 Eme
rgencyStop\T1/lmr/m/n/12 (+20) ,
[7
pdfTeX warning (ext4): destination with the same identifier (name{figure.6}) ha
s been already used, duplicate ignored
<argument> ...shipout:D \box_use:N \l_shipout_box 
                                                  \__shipout_drop_firstpage_...
l.36 \end{center}
                  <../Diagram_SE/03_Deployment.png>] [8{/usr/share/texmf/fonts/
enc/dvips/lm/lm-rm.enc}{/usr/share/texmf/fonts/enc/dvips/lm/lm-mathit.enc}])
(./sections/04_dynamik.tex [9
pdfTeX warning (ext4): destination with the same identifier (name{figure.7}) ha
s been already used, duplicate ignored
<argument> ...shipout:D \box_use:N \l_shipout_box 
                                                  \__shipout_drop_firstpage_...
l.34   \item D
              er Emergency Stop wechselt in den Zustand \texttt{EmergencyStop},
 <../Diagram_SE/04_Sequence_SafetyZone.png>] [10
pdfTeX warning (ext4): destination with the same identifier (name{figure.8}) ha
s been already used, duplicate ignored
<argument> ...shipout:D \box_use:N \l_shipout_box 
                                                  \__shipout_drop_firstpage_...
l.64   \item \texttt
                    {Logger} registriert \texttt{INFO: System startup comple...
 <../Diagram_SE/05_Sequence_Startup.png>] [11
pdfTeX warning (ext4): destination with the same identifier (name{figure.9}) ha
s been already used, duplicate ignored
<argument> ...shipout:D \box_use:N \l_shipout_box 
                                                  \__shipout_drop_firstpage_...
l.104 
       <../Diagram_SE/05_Sequence_Release.png>] [12
pdfTeX warning (ext4): destination with the same identifier (name{figure.10}) h
as been already used, duplicate ignored
<argument> ...shipout:D \box_use:N \l_shipout_box 
                                                  \__shipout_drop_firstpage_...
l.120 
       <../Diagram_SE/05_Sequence_ReleaseRejected.png>] [13
pdfTeX warning (ext4): destination with the same identifier (name{figure.11}) h
as been already used, duplicate ignored
<argument> ...shipout:D \box_use:N \l_shipout_box 
                                                  \__shipout_drop_firstpage_...
l.143 
       <../Diagram_SE/05_Sequence_Error.png>])
(./sections/05_detailed_design.tex [14
pdfTeX warning (ext4): destination with the same identifier (name{figure.12}) h
as been already used, duplicate ignored
<argument> ...shipout:D \box_use:N \l_shipout_box 
                                                  \__shipout_drop_firstpage_...
l.21 
      <../Diagram_SE/05_Sequence_Shutdown.png>]
Overfull \hbox (19.61679pt too wide) in paragraph at lines 35--35
[]|\T1/lmtt/m/n/12 DriveControlUnit*| 

Underfull \hbox (badness 10000) in paragraph at lines 49--50
[]|\T1/lmtt/m/n/12 onZoneUpdate(zone: Zone) :
[15
pdfTeX warning (ext4): destination with the same identifier (name{figure.13}) h
as been already used, duplicate ignored
<argument> ...shipout:D \box_use:N \l_shipout_box 
                                                  \__shipout_drop_firstpage_...
l.63 \end{center}
                  <../Diagram_SE/06_EStop_Class_Detailed.png>]
Underfull \hbox (badness 3229) in paragraph at lines 79--80
[]|\T1/lmr/m/n/12 (+20) Setzt Zu-stand auf \T1/lmtt/m/n/12 SoftStop\T1/lmr/m/n/
12 (+20) ; ruft

Underfull \hbox (badness 10000) in paragraph at lines 81--82
[]|\T1/lmr/m/n/12 (+20) Sendet Stop-Befehl an

Underfull \hbox (badness 10000) in paragraph at lines 83--84
[]|\T1/lmr/m/n/12 (+20) Sendet Freigabe-Befehl an

Underfull \hbox (badness 10000) in paragraph at lines 85--86
[]|\T1/lmr/m/n/12 (+20) Prüft: \T1/lmtt/m/n/12 !safetyZoneActive &&

Underfull \hbox (badness 10000) in paragraph at lines 86--87
[]|\T1/lmtt/m/n/12 logEvent(level: LogLevel, msg:

Underfull \hbox (badness 10000) in paragraph at lines 88--89
[]|\T1/lmtt/m/n/12 transitionTo(state:
[16]
Overfull \hbox (1.24356pt too wide) in paragraph at lines 122--123
[]|\T1/lmr/m/n/12 (-20) triggerEmergencyStop()| 

Underfull \hbox (badness 10000) in paragraph at lines 123--124
[]|\T1/lmtt/m/n/12 currentState =

Underfull \hbox (badness 10000) in paragraph at lines 124--127
[]|\T1/lmtt/m/n/12 currentState ==

Underfull \hbox (badness 10000) in paragraph at lines 124--127
\T1/lmtt/m/n/12 EmergencyStop\T1/lmr/m/n/12 (+20) ;

Underfull \hbox (badness 10000) in paragraph at lines 124--127
\T1/lmtt/m/n/12 DriveControlUnit \T1/lmr/m/n/12 (+20) ge-

Underfull \hbox (badness 10000) in paragraph at lines 128--129
[]|\T1/lmtt/m/n/12 currentState =

Underfull \hbox (badness 10000) in paragraph at lines 129--132
[]|\T1/lmtt/m/n/12 currentState

Underfull \hbox (badness 10000) in paragraph at lines 129--132
\T1/lmtt/m/n/12 == SoftStop\T1/lmr/m/n/12 (+20) ;

Underfull \hbox (badness 10000) in paragraph at lines 129--132
\T1/lmtt/m/n/12 DriveControlUnit \T1/lmr/m/n/12 (+20) ge-

Underfull \hbox (badness 10000) in paragraph at lines 134--136
[]|\T1/lmr/m/n/12 (+20) Stop-Befehl an

Underfull \hbox (badness 10000) in paragraph at lines 134--136
\T1/lmtt/m/n/12 DriveControlUnit \T1/lmr/m/n/12 (+20) ge-

Underfull \hbox (badness 10000) in paragraph at lines 134--136
\T1/lmr/m/n/12 (+20) sen-det; Rück-ga-be-wert

Underfull \hbox (badness 10000) in paragraph at lines 137--139
[]|\T1/lmtt/m/n/12 currentState ==

Underfull \hbox (badness 10000) in paragraph at lines 137--139
\T1/lmtt/m/n/12 Normal\T1/lmr/m/n/12 (+20) ; \T1/lmtt/m/n/12 driveRef =

Underfull \hbox (badness 1701) in paragraph at lines 139--141
[]|\T1/lmr/m/n/12 (+20) Freigabe-Befehl ge-sen-det;

Underfull \hbox (badness 10000) in paragraph at lines 143--145
[]|\T1/lmr/m/n/12 (+20) Gibt \T1/lmtt/m/n/12 true \T1/lmr/m/n/12 (+20) gdw.

Underfull \hbox (badness 10000) in paragraph at lines 143--145
\T1/lmtt/m/n/12 !safetyZoneActive

Underfull \hbox (badness 10000) in paragraph at lines 143--145
\T1/lmtt/m/n/12 && !errorFlag\T1/lmr/m/n/12 (+20) ; kein

Underfull \hbox (badness 10000) in paragraph at lines 146--148
[]|\T1/lmtt/m/n/12 loggerRef = nullptr\T1/lmr/m/n/12 (+20) ;

Underfull \hbox (badness 2012) in paragraph at lines 148--150
[]|\T1/lmr/m/n/12 (+20) Eintrag mit Zeit-stem-pel

Underfull \hbox (badness 10000) in paragraph at lines 151--153
[]|\T1/lmtt/m/n/12 state \T1/lmr/m/n/12 (+20) ist gül-ti-ger

Underfull \hbox (badness 10000) in paragraph at lines 151--153
\T1/lmtt/m/n/12 EStopState\T1/lmr/m/n/12 (+20) ; Über-gang

Underfull \hbox (badness 10000) in paragraph at lines 153--155
[]|\T1/lmtt/m/n/12 currentState ==

Underfull \hbox (badness 10000) in paragraph at lines 153--155
\T1/lmtt/m/n/12 state\T1/lmr/m/n/12 (+20) ; Über-gang via

Underfull \hbox (badness 10000) in paragraph at lines 153--155
\T1/lmtt/m/n/12 logEvent(INFO, ...)
[17] [18] [19
pdfTeX warning (ext4): destination with the same identifier (name{figure.14}) h
as been already used, duplicate ignored
<argument> ...shipout:D \box_use:N \l_shipout_box 
                                                  \__shipout_drop_firstpage_...
l.174   \item \textbf
                     {Event-Empfang} ĂĽber eine Ă¶ffentliche Methode <../Diagra
m_SE/06_EStop_Internal_Sequence.png>]
Overfull \hbox (24.99393pt too wide) in paragraph at lines 196--198
\T1/lmr/m/n/12 (-20) Der Zu-stands-au-to-mat (Ab-bil-dung [][]15[][]) de-fi-nie
rt das voll-stän-di-ge Ver-hal-ten von \T1/lmtt/m/n/12 EmergencyStop\T1/lmr/m/n
/12 (-20) . 
[20
pdfTeX warning (ext4): destination with the same identifier (name{figure.15}) h
as been already used, duplicate ignored
<argument> ...shipout:D \box_use:N \l_shipout_box 
                                                  \__shipout_drop_firstpage_...
l.199 \subsubsection
                    {ZustandsĂĽbergĂ¤nge} <../Diagram_SE/06_EStop_StateMachine.
png>]
Underfull \hbox (badness 10000) in paragraph at lines 208--208
[]|\T1/lmr/m/n/12 (+20) ReleaseRequest

Underfull \hbox (badness 10000) in paragraph at lines 210--210
[]|\T1/lmr/m/n/12 (+20) EmergencyButton /

Underfull \hbox (badness 10000) in paragraph at lines 213--213
[]|\T1/lmr/m/n/12 (+20) ReleaseRequest

Underfull \hbox (badness 10000) in paragraph at lines 214--214
[]|\T1/lmr/m/n/12 (+20) ReleaseRequest
[21]) (./sections/06_entscheidungen.tex
Underfull \hbox (badness 10000) in paragraph at lines 18--19
[]|\T1/lmr/m/n/12 (+20) Volle Kon-trol-le, mi-ni-ma-ler

Underfull \hbox (badness 4072) in paragraph at lines 19--20
[]|\T1/lmr/m/n/12 (+20) OOP (Klas-sen, Ver-er-bung),

Underfull \hbox (badness 10000) in paragraph at lines 21--22
[]|\T1/lmr/m/n/12 (+20) Keine Ob-jek-t-ori-en-tie-rung,

Underfull \hbox (badness 10000) in paragraph at lines 22--23
[]|\T1/lmr/m/n/12 (+20) Leicht er-höh-ter Code-

Underfull \hbox (badness 4859) in paragraph at lines 22--23
\T1/lmr/m/n/12 (+20) Footprint, RT-TI/Exceptions

Underfull \hbox (badness 3219) in paragraph at lines 26--27
[]|\T1/lmr/bx/n/12 (+20) Eignung Jet-son
[22] [23] [24]) (./sections/07_traceability.tex
Underfull \hbox (badness 10000) in paragraph at lines 14--14
[]|\T1/lmr/bx/n/12 (+20) Anforderung (Auf-ga-ben-stel-

Overfull \hbox (27.72028pt too wide) in paragraph at lines 24--25
\T1/lmr/m/n/12 (-20) 02_Component_Overview.png| 

Overfull \hbox (24.39622pt too wide) in paragraph at lines 27--28
\T1/lmr/m/n/12 (-20) 02_Jetson_ClassDiagram.png| 

Overfull \hbox (27.11313pt too wide) in paragraph at lines 30--31
\T1/lmr/m/n/12 (-20) 02_Master_ClassDiagram.png| 

Overfull \hbox (18.08443pt too wide) in paragraph at lines 33--34
\T1/lmr/m/n/12 (-20) 02_Slave_ClassDiagram.png| 

Underfull \hbox (badness 6893) in paragraph at lines 36--37
[]|\T1/lmr/m/n/12 (+20) Hardware/Software-Mapping (De-

Overfull \hbox (23.56151pt too wide) in paragraph at lines 41--42
\T1/lmr/m/n/12 (-20) 04_Sequence_SafetyZone.png| 

Overfull \hbox (6.61589pt too wide) in paragraph at lines 45--46
\T1/lmr/m/n/12 (-20) 05_Sequence_Startup.png| 

Overfull \hbox (18.1183pt too wide) in paragraph at lines 48--49
\T1/lmr/m/n/12 (-20) 05_Sequence_Shutdown.png| 

Overfull \hbox (5.55711pt too wide) in paragraph at lines 54--55
\T1/lmr/m/n/12 (-20) 05_Sequence_Release.png| 

Overfull \hbox (48.89514pt too wide) in paragraph at lines 57--58
\T1/lmr/m/n/12 (-20) 05_Sequence_ReleaseRejected.png| 

Overfull \hbox (30.4054pt too wide) in paragraph at lines 61--62
\T1/lmr/m/n/12 (-20) 06_EStop_Class_Detailed.png

Overfull \hbox (47.38132pt too wide) in paragraph at lines 64--65
\T1/lmr/m/n/12 (-20) 06_EStop_Internal_Sequence.png| 

Overfull \hbox (21.797pt too wide) in paragraph at lines 67--68
\T1/lmr/m/n/12 (-20) 06_EStop_StateMachine.png| 
[25] [26]) (./sections/08_naechste_schritte.tex
Overfull \hbox (23.23248pt too wide) in paragraph at lines 22--28
[]\T1/lmr/bx/n/12 (-20) [P1 ^^U De-tai-led De-sign] Voll-stän-di-ge Me-tho-den-
lis-te mit Vor-/Nachbedingungen. 
[27]) [28] (./main.aux) )
(see the transcript file for additional information)</usr/share/texmf/fonts/typ
e1/public/lm/lmbx12.pfb></usr/share/texmf/fonts/type1/public/lm/lmmi12.pfb></us
r/share/texmf/fonts/type1/public/lm/lmr12.pfb></usr/share/texmf/fonts/type1/pub
lic/lm/lmr17.pfb></usr/share/texmf/fonts/type1/public/lm/lmri12.pfb></usr/share
/texmf/fonts/type1/public/lm/lmssbx10.pfb></usr/share/texmf/fonts/type1/public/
lm/lmsy10.pfb></usr/share/texmf/fonts/type1/public/lm/lmtk10.pfb></usr/share/te
xmf/fonts/type1/public/lm/lmtt12.pfb>
Output written on main.pdf (32 pages, 760475 bytes).
Transcript written on main.log.
