This is pdfTeX, Version 3.141592653-2.6-1.40.25 (TeX Live 2023/Debian) (preloaded format=pdflatex 2026.3.2)  2 MAR 2026 02:01
entering extended mode
 restricted \write18 enabled.
 %&-line parsing enabled.
**main.tex
(./main.tex
LaTeX2e <2023-11-01> patch level 1
L3 programming layer <2024-01-22>
(/usr/share/texlive/texmf-dist/tex/latex/koma-script/scrartcl.cls
Document Class: scrartcl 2023/07/07 v3.41 KOMA-Script document class (article)
(/usr/share/texlive/texmf-dist/tex/latex/koma-script/scrkbase.sty
Package: scrkbase 2023/07/07 v3.41 KOMA-Script package (KOMA-Script-dependent b
asics and keyval usage)

(/usr/share/texlive/texmf-dist/tex/latex/koma-script/scrbase.sty
Package: scrbase 2023/07/07 v3.41 KOMA-Script package (KOMA-Script-independent 
basics and keyval usage)

(/usr/share/texlive/texmf-dist/tex/latex/koma-script/scrlfile.sty
Package: scrlfile 2023/07/07 v3.41 KOMA-Script package (file load hooks)

(/usr/share/texlive/texmf-dist/tex/latex/koma-script/scrlfile-hook.sty
Package: scrlfile-hook 2023/07/07 v3.41 KOMA-Script package (using LaTeX hooks)


(/usr/share/texlive/texmf-dist/tex/latex/koma-script/scrlogo.sty
Package: scrlogo 2023/07/07 v3.41 KOMA-Script package (logo)
)))
(/usr/share/texlive/texmf-dist/tex/latex/graphics/keyval.sty
Package: keyval 2022/05/29 v1.15 key=value parser (DPC)
\KV@toks@=\toks17
)
Applying: [2021/05/01] Usage of raw or classic option list on input line 252.
Already applied: [0000/00/00] Usage of raw or classic option list on input line
 368.
))
(/usr/share/texlive/texmf-dist/tex/latex/koma-script/tocbasic.sty
Package: tocbasic 2023/07/07 v3.41 KOMA-Script package (handling toc-files)
\scr@dte@tocline@numberwidth=\skip48
\scr@dte@tocline@numbox=\box51
)
Package tocbasic Info: omitting babel extension for `toc'
(tocbasic)             because of feature `nobabel' available
(tocbasic)             for `toc' on input line 133.
Package scrartcl Info: You've used standard option `12pt'.
(scrartcl)             This is correct!
(scrartcl)             Internally I'm using `fontsize=12pt'.
(scrartcl)             If you'd like to set the option with \KOMAoptions,
(scrartcl)             you'd have to use `fontsize=12pt' there
(scrartcl)             instead of `12pt', too.
Class scrartcl Info: File `scrsize12pt.clo' used to setup font sizes on input l
ine 2441.

(/usr/share/texlive/texmf-dist/tex/latex/koma-script/scrsize12pt.clo
File: scrsize12pt.clo 2023/07/07 v3.41 KOMA-Script font size class option (12pt
)
)
(/usr/share/texlive/texmf-dist/tex/latex/koma-script/typearea.sty
Package: typearea 2023/07/07 v3.41 KOMA-Script package (type area)
\ta@bcor=\skip49
\ta@div=\count187
Package typearea Info: You've used standard option `pdftex'.
(typearea)             This is correct!
(typearea)             Internally I'm using `pagesize=pdftex'.
(typearea)             If you'd like to set the option with \KOMAoptions,
(typearea)             you'd have to use `pagesize=pdftex' there
(typearea)             instead of `pdftex', too.
Package typearea Info: You've used standard option `a4paper'.
(typearea)             This is correct!
(typearea)             Internally I'm using `paper=a4'.
(typearea)             If you'd like to set the option with \KOMAoptions,
(typearea)             you'd have to use `paper=a4' there
(typearea)             instead of `a4paper', too.
\ta@hblk=\skip50
\ta@vblk=\skip51
\ta@temp=\skip52
\footheight=\skip53
Package typearea Info: These are the values describing the layout:
(typearea)             DIV  = 12
(typearea)             BCOR = 0.0pt
(typearea)             \paperwidth      = 597.50793pt
(typearea)              \textwidth      = 448.13095pt
(typearea)              DIV departure   = -6%
(typearea)              \evensidemargin = 2.4185pt
(typearea)              \oddsidemargin  = 2.4185pt
(typearea)             \paperheight     = 845.04694pt
(typearea)              \textheight     = 635.5pt
(typearea)              \topmargin      = -41.72441pt
(typearea)              \headheight     = 18.125pt
(typearea)              \headsep        = 21.75pt
(typearea)              \topskip        = 12.0pt
(typearea)              \footskip       = 50.75pt
(typearea)              \baselineskip   = 14.5pt
(typearea)              on input line 1799.
)
\c@part=\count188
\c@section=\count189
\c@subsection=\count190
\c@subsubsection=\count191
\c@paragraph=\count192
\c@subparagraph=\count193
\scr@dte@section@maxnumwidth=\skip54
Class scrartcl Info: using compatibility default `runin=bysign'
(scrartcl)           for `\section on input line 5082.
Class scrartcl Info: using compatibility default `afterindent=bysign'
(scrartcl)           for `\section on input line 5082.
\scr@dte@part@maxnumwidth=\skip55
Class scrartcl Info: using compatibility default `afterindent=false'
(scrartcl)           for `\part on input line 5090.
\scr@dte@subsection@maxnumwidth=\skip56
Class scrartcl Info: using compatibility default `runin=bysign'
(scrartcl)           for `\subsection on input line 5100.
Class scrartcl Info: using compatibility default `afterindent=bysign'
(scrartcl)           for `\subsection on input line 5100.
\scr@dte@subsubsection@maxnumwidth=\skip57
Class scrartcl Info: using compatibility default `runin=bysign'
(scrartcl)           for `\subsubsection on input line 5110.
Class scrartcl Info: using compatibility default `afterindent=bysign'
(scrartcl)           for `\subsubsection on input line 5110.
\scr@dte@paragraph@maxnumwidth=\skip58
Class scrartcl Info: using compatibility default `runin=bysign'
(scrartcl)           for `\paragraph on input line 5121.
Class scrartcl Info: using compatibility default `afterindent=bysign'
(scrartcl)           for `\paragraph on input line 5121.
\scr@dte@subparagraph@maxnumwidth=\skip59
Class scrartcl Info: using compatibility default `runin=bysign'
(scrartcl)           for `\subparagraph on input line 5131.
Class scrartcl Info: using compatibility default `afterindent=bysign'
(scrartcl)           for `\subparagraph on input line 5131.
\abovecaptionskip=\skip60
\belowcaptionskip=\skip61
\c@pti@nb@sid@b@x=\box52
Package tocbasic Info: omitting babel extension for `lof'
(tocbasic)             because of feature `nobabel' available
(tocbasic)             for `lof' on input line 6309.
\scr@dte@figure@maxnumwidth=\skip62
\c@figure=\count194
Package tocbasic Info: omitting babel extension for `lot'
(tocbasic)             because of feature `nobabel' available
(tocbasic)             for `lot' on input line 6325.
\scr@dte@table@maxnumwidth=\skip63
\c@table=\count195
Class scrartcl Info: Redefining `\numberline' on input line 6495.
\bibindent=\dimen140
)
(/usr/share/texlive/texmf-dist/tex/latex/base/inputenc.sty
Package: inputenc 2021/02/14 v1.3d Input encoding file
\inpenc@prehook=\toks18
\inpenc@posthook=\toks19
)
(/usr/share/texlive/texmf-dist/tex/latex/base/fontenc.sty
Package: fontenc 2021/04/29 v2.0v Standard LaTeX package
)
(/usr/share/texlive/texmf-dist/tex/generic/babel/babel.sty
Package: babel 2024/01/07 v24.1 The Babel package
\babel@savecnt=\count196
\U@D=\dimen141
\l@unhyphenated=\language10

(/usr/share/texlive/texmf-dist/tex/generic/babel/txtbabel.def)
\bbl@readstream=\read2
\bbl@dirlevel=\count197

(/usr/share/texlive/texmf-dist/tex/generic/babel-german/ngerman.ldf
Language: ngerman 2024/01/19 v2.14 German support for babel (post-1996 orthogra
phy)

(/usr/share/texlive/texmf-dist/tex/generic/babel-german/ngermanb.ldf
Language: ngermanb 2024/01/19 v2.14 German support for babel (post-1996 orthogr
aphy)
Package babel Info: Making " an active character on input line 122.
)))
(/usr/share/texlive/texmf-dist/tex/generic/babel/locale/de/babel-ngerman.tex
Package babel Info: Importing font and identification data for ngerman
(babel)             from babel-de.ini. Reported on input line 11.
)
(/usr/share/texlive/texmf-dist/tex/latex/koma-script/scrlayer-scrpage.sty
Package: scrlayer-scrpage 2023/07/07 v3.41 KOMA-Script package (end user interf
ace for scrlayer)

(/usr/share/texlive/texmf-dist/tex/latex/koma-script/scrlayer.sty
Package: scrlayer 2023/07/07 v3.41 KOMA-Script package (defining layers and pag
e styles)
Package scrlayer Info: patching LaTeX kernel macro \pagestyle on input line 218
3.
)
Package scrlayer-scrpage Info: Makeing stand-alone element `pagehead' from
(scrlayer-scrpage)             alias to `pageheadfoot' on input line 1106.
)
(/usr/share/texlive/texmf-dist/tex/latex/graphics/graphicx.sty
Package: graphicx 2021/09/16 v1.2d Enhanced LaTeX Graphics (DPC,SPQR)

(/usr/share/texlive/texmf-dist/tex/latex/graphics/graphics.sty
Package: graphics 2022/03/10 v1.4e Standard LaTeX Graphics (DPC,SPQR)

(/usr/share/texlive/texmf-dist/tex/latex/graphics/trig.sty
Package: trig 2021/08/11 v1.11 sin cos tan (DPC)
)
(/usr/share/texlive/texmf-dist/tex/latex/graphics-cfg/graphics.cfg
File: graphics.cfg 2016/06/04 v1.11 sample graphics configuration
)
Package graphics Info: Driver file: pdftex.def on input line 107.

(/usr/share/texlive/texmf-dist/tex/latex/graphics-def/pdftex.def
File: pdftex.def 2022/09/22 v1.2b Graphics/color driver for pdftex
))
\Gin@req@height=\dimen142
\Gin@req@width=\dimen143
)
(/usr/share/texlive/texmf-dist/tex/latex/xcolor/xcolor.sty
Package: xcolor 2023/11/15 v3.01 LaTeX color extensions (UK)

(/usr/share/texlive/texmf-dist/tex/latex/graphics-cfg/color.cfg
File: color.cfg 2016/01/02 v1.6 sample color configuration
)
Package xcolor Info: Driver file: pdftex.def on input line 274.

(/usr/share/texlive/texmf-dist/tex/latex/graphics/mathcolor.ltx)
Package xcolor Info: Model `cmy' substituted by `cmy0' on input line 1350.
Package xcolor Info: Model `hsb' substituted by `rgb' on input line 1354.
Package xcolor Info: Model `RGB' extended on input line 1366.
Package xcolor Info: Model `HTML' substituted by `rgb' on input line 1368.
Package xcolor Info: Model `Hsb' substituted by `hsb' on input line 1369.
Package xcolor Info: Model `tHsb' substituted by `hsb' on input line 1370.
Package xcolor Info: Model `HSB' substituted by `hsb' on input line 1371.
Package xcolor Info: Model `Gray' substituted by `gray' on input line 1372.
Package xcolor Info: Model `wave' substituted by `hsb' on input line 1373.
)
(/usr/share/texlive/texmf-dist/tex/latex/hyperref/hyperref.sty
Package: hyperref 2024-01-20 v7.01h Hypertext links for LaTeX

(/usr/share/texlive/texmf-dist/tex/generic/iftex/iftex.sty
Package: iftex 2022/02/03 v1.0f TeX engine tests
)
(/usr/share/texlive/texmf-dist/tex/latex/kvsetkeys/kvsetkeys.sty
Package: kvsetkeys 2022-10-05 v1.19 Key value parser (HO)
)
(/usr/share/texlive/texmf-dist/tex/generic/kvdefinekeys/kvdefinekeys.sty
Package: kvdefinekeys 2019-12-19 v1.6 Define keys (HO)
)
(/usr/share/texlive/texmf-dist/tex/generic/pdfescape/pdfescape.sty
Package: pdfescape 2019/12/09 v1.15 Implements pdfTeX's escape features (HO)

(/usr/share/texlive/texmf-dist/tex/generic/ltxcmds/ltxcmds.sty
Package: ltxcmds 2023-12-04 v1.26 LaTeX kernel commands for general use (HO)
)
(/usr/share/texlive/texmf-dist/tex/generic/pdftexcmds/pdftexcmds.sty
Package: pdftexcmds 2020-06-27 v0.33 Utility functions of pdfTeX for LuaTeX (HO
)

(/usr/share/texlive/texmf-dist/tex/generic/infwarerr/infwarerr.sty
Package: infwarerr 2019/12/03 v1.5 Providing info/warning/error messages (HO)
)
Package pdftexcmds Info: \pdf@primitive is available.
Package pdftexcmds Info: \pdf@ifprimitive is available.
Package pdftexcmds Info: \pdfdraftmode found.
))
(/usr/share/texlive/texmf-dist/tex/latex/hycolor/hycolor.sty
Package: hycolor 2020-01-27 v1.10 Color options for hyperref/bookmark (HO)
)
(/usr/share/texlive/texmf-dist/tex/latex/auxhook/auxhook.sty
Package: auxhook 2019-12-17 v1.6 Hooks for auxiliary files (HO)
)
(/usr/share/texlive/texmf-dist/tex/latex/hyperref/nameref.sty
Package: nameref 2023-11-26 v2.56 Cross-referencing by name of section

(/usr/share/texlive/texmf-dist/tex/latex/refcount/refcount.sty
Package: refcount 2019/12/15 v3.6 Data extraction from label references (HO)
)
(/usr/share/texlive/texmf-dist/tex/generic/gettitlestring/gettitlestring.sty
Package: gettitlestring 2019/12/15 v1.6 Cleanup title references (HO)

(/usr/share/texlive/texmf-dist/tex/latex/kvoptions/kvoptions.sty
Package: kvoptions 2022-06-15 v3.15 Key value format for package options (HO)
))
\c@section@level=\count198
)
(/usr/share/texlive/texmf-dist/tex/latex/etoolbox/etoolbox.sty
Package: etoolbox 2020/10/05 v2.5k e-TeX tools for LaTeX (JAW)
\etb@tempcnta=\count199
)
\@linkdim=\dimen144
\Hy@linkcounter=\count266
\Hy@pagecounter=\count267

(/usr/share/texlive/texmf-dist/tex/latex/hyperref/pd1enc.def
File: pd1enc.def 2024-01-20 v7.01h Hyperref: PDFDocEncoding definition (HO)
Now handling font encoding PD1 ...
... no UTF-8 mapping file for font encoding PD1
)
(/usr/share/texlive/texmf-dist/tex/generic/intcalc/intcalc.sty
Package: intcalc 2019/12/15 v1.3 Expandable calculations with integers (HO)
)
\Hy@SavedSpaceFactor=\count268

(/usr/share/texlive/texmf-dist/tex/latex/hyperref/puenc.def
File: puenc.def 2024-01-20 v7.01h Hyperref: PDF Unicode definition (HO)
Now handling font encoding PU ...
... no UTF-8 mapping file for font encoding PU
)
Package hyperref Info: Hyper figures OFF on input line 4179.
Package hyperref Info: Link nesting OFF on input line 4184.
Package hyperref Info: Hyper index ON on input line 4187.
Package hyperref Info: Plain pages OFF on input line 4194.
Package hyperref Info: Backreferencing OFF on input line 4199.
Package hyperref Info: Implicit mode ON; LaTeX internals redefined.
Package hyperref Info: Bookmarks ON on input line 4446.
\c@Hy@tempcnt=\count269

(/usr/share/texlive/texmf-dist/tex/latex/url/url.sty
\Urlmuskip=\muskip16
Package: url 2013/09/16  ver 3.4  Verb mode for urls, etc.
)
LaTeX Info: Redefining \url on input line 4784.
\XeTeXLinkMargin=\dimen145

(/usr/share/texlive/texmf-dist/tex/generic/bitset/bitset.sty
Package: bitset 2019/12/09 v1.3 Handle bit-vector datatype (HO)

(/usr/share/texlive/texmf-dist/tex/generic/bigintcalc/bigintcalc.sty
Package: bigintcalc 2019/12/15 v1.5 Expandable calculations on big integers (HO
)
))
\Fld@menulength=\count270
\Field@Width=\dimen146
\Fld@charsize=\dimen147
Package hyperref Info: Hyper figures OFF on input line 6063.
Package hyperref Info: Link nesting OFF on input line 6068.
Package hyperref Info: Hyper index ON on input line 6071.
Package hyperref Info: backreferencing OFF on input line 6078.
Package hyperref Info: Link coloring OFF on input line 6083.
Package hyperref Info: Link coloring with OCG OFF on input line 6088.
Package hyperref Info: PDF/A mode OFF on input line 6093.

(/usr/share/texlive/texmf-dist/tex/latex/base/atbegshi-ltx.sty
Package: atbegshi-ltx 2021/01/10 v1.0c Emulation of the original atbegshi
package with kernel methods
)
\Hy@abspage=\count271
\c@Item=\count272
\c@Hfootnote=\count273
)
Package hyperref Info: Driver: hpdftex.

(/usr/share/texlive/texmf-dist/tex/latex/hyperref/hpdftex.def
File: hpdftex.def 2024-01-20 v7.01h Hyperref driver for pdfTeX

(/usr/share/texlive/texmf-dist/tex/latex/base/atveryend-ltx.sty
Package: atveryend-ltx 2020/08/19 v1.0a Emulation of the original atveryend pac
kage
with kernel methods
)
\Fld@listcount=\count274
\c@bookmark@seq@number=\count275

(/usr/share/texlive/texmf-dist/tex/latex/rerunfilecheck/rerunfilecheck.sty
Package: rerunfilecheck 2022-07-10 v1.10 Rerun checks for auxiliary files (HO)

(/usr/share/texlive/texmf-dist/tex/generic/uniquecounter/uniquecounter.sty
Package: uniquecounter 2019/12/15 v1.4 Provide unlimited unique counter (HO)
)
Package uniquecounter Info: New unique counter `rerunfilecheck' on input line 2
85.
)
\Hy@SectionHShift=\skip64
)
Package hyperref Info: Option `colorlinks' set `true' on input line 38.

(/usr/share/texlive/texmf-dist/tex/latex/geometry/geometry.sty
Package: geometry 2020/01/02 v5.9 Page Geometry

(/usr/share/texlive/texmf-dist/tex/generic/iftex/ifvtex.sty
Package: ifvtex 2019/10/25 v1.7 ifvtex legacy package. Use iftex instead.
)
\Gm@cnth=\count276
\Gm@cntv=\count277
\c@Gm@tempcnt=\count278
\Gm@bindingoffset=\dimen148
\Gm@wd@mp=\dimen149
\Gm@odd@mp=\dimen150
\Gm@even@mp=\dimen151
\Gm@layoutwidth=\dimen152
\Gm@layoutheight=\dimen153
\Gm@layouthoffset=\dimen154
\Gm@layoutvoffset=\dimen155
\Gm@dimlist=\toks20
)
(/usr/share/texlive/texmf-dist/tex/latex/setspace/setspace.sty
Package: setspace 2022/12/04 v6.7b set line spacing
)
(/usr/share/texmf/tex/latex/lm/lmodern.sty
Package: lmodern 2015/05/01 v1.6.1 Latin Modern Fonts
LaTeX Font Info:    Overwriting symbol font `operators' in version `normal'
(Font)                  OT1/cmr/m/n --> OT1/lmr/m/n on input line 22.
LaTeX Font Info:    Overwriting symbol font `letters' in version `normal'
(Font)                  OML/cmm/m/it --> OML/lmm/m/it on input line 23.
LaTeX Font Info:    Overwriting symbol font `symbols' in version `normal'
(Font)                  OMS/cmsy/m/n --> OMS/lmsy/m/n on input line 24.
LaTeX Font Info:    Overwriting symbol font `largesymbols' in version `normal'
(Font)                  OMX/cmex/m/n --> OMX/lmex/m/n on input line 25.
LaTeX Font Info:    Overwriting symbol font `operators' in version `bold'
(Font)                  OT1/cmr/bx/n --> OT1/lmr/bx/n on input line 26.
LaTeX Font Info:    Overwriting symbol font `letters' in version `bold'
(Font)                  OML/cmm/b/it --> OML/lmm/b/it on input line 27.
LaTeX Font Info:    Overwriting symbol font `symbols' in version `bold'
(Font)                  OMS/cmsy/b/n --> OMS/lmsy/b/n on input line 28.
LaTeX Font Info:    Overwriting symbol font `largesymbols' in version `bold'
(Font)                  OMX/cmex/m/n --> OMX/lmex/m/n on input line 29.
LaTeX Font Info:    Overwriting math alphabet `\mathbf' in version `normal'
(Font)                  OT1/cmr/bx/n --> OT1/lmr/bx/n on input line 31.
LaTeX Font Info:    Overwriting math alphabet `\mathsf' in version `normal'
(Font)                  OT1/cmss/m/n --> OT1/lmss/m/n on input line 32.
LaTeX Font Info:    Overwriting math alphabet `\mathit' in version `normal'
(Font)                  OT1/cmr/m/it --> OT1/lmr/m/it on input line 33.
LaTeX Font Info:    Overwriting math alphabet `\mathtt' in version `normal'
(Font)                  OT1/cmtt/m/n --> OT1/lmtt/m/n on input line 34.
LaTeX Font Info:    Overwriting math alphabet `\mathbf' in version `bold'
(Font)                  OT1/cmr/bx/n --> OT1/lmr/bx/n on input line 35.
LaTeX Font Info:    Overwriting math alphabet `\mathsf' in version `bold'
(Font)                  OT1/cmss/bx/n --> OT1/lmss/bx/n on input line 36.
LaTeX Font Info:    Overwriting math alphabet `\mathit' in version `bold'
(Font)                  OT1/cmr/bx/it --> OT1/lmr/bx/it on input line 37.
LaTeX Font Info:    Overwriting math alphabet `\mathtt' in version `bold'
(Font)                  OT1/cmtt/m/n --> OT1/lmtt/m/n on input line 38.
)
(/usr/share/texlive/texmf-dist/tex/latex/microtype/microtype.sty
Package: microtype 2023/03/13 v3.1a Micro-typographical refinements (RS)
\MT@toks=\toks21
\MT@tempbox=\box53
\MT@count=\count279
LaTeX Info: Redefining \noprotrusionifhmode on input line 1059.
LaTeX Info: Redefining \leftprotrusion on input line 1060.
\MT@prot@toks=\toks22
LaTeX Info: Redefining \rightprotrusion on input line 1078.
LaTeX Info: Redefining \textls on input line 1368.
\MT@outer@kern=\dimen156
LaTeX Info: Redefining \textmicrotypecontext on input line 1988.
\MT@listname@count=\count280

(/usr/share/texlive/texmf-dist/tex/latex/microtype/microtype-pdftex.def
File: microtype-pdftex.def 2023/03/13 v3.1a Definitions specific to pdftex (RS)

LaTeX Info: Redefining \lsstyle on input line 902.
LaTeX Info: Redefining \lslig on input line 902.
\MT@outer@space=\skip65
)
Package microtype Info: Loading configuration file microtype.cfg.

(/usr/share/texlive/texmf-dist/tex/latex/microtype/microtype.cfg
File: microtype.cfg 2023/03/13 v3.1a microtype main configuration file (RS)
))
Package scrkbase Info: You've told me to extend the font selection of the
(scrkbase)             element `sectioning' that is an alias of element
(scrkbase)             `disposition' on input line 49.

(/usr/share/texlive/texmf-dist/tex/latex/amsmath/amsmath.sty
Package: amsmath 2023/05/13 v2.17o AMS math features
\@mathmargin=\skip66

For additional information on amsmath, use the `?' option.
(/usr/share/texlive/texmf-dist/tex/latex/amsmath/amstext.sty
Package: amstext 2021/08/26 v2.01 AMS text

(/usr/share/texlive/texmf-dist/tex/latex/amsmath/amsgen.sty
File: amsgen.sty 1999/11/30 v2.0 generic functions
\@emptytoks=\toks23
\ex@=\dimen157
))
(/usr/share/texlive/texmf-dist/tex/latex/amsmath/amsbsy.sty
Package: amsbsy 1999/11/29 v1.2d Bold Symbols
\pmbraise@=\dimen158
)
(/usr/share/texlive/texmf-dist/tex/latex/amsmath/amsopn.sty
Package: amsopn 2022/04/08 v2.04 operator names
)
\inf@bad=\count281
LaTeX Info: Redefining \frac on input line 234.
\uproot@=\count282
\leftroot@=\count283
LaTeX Info: Redefining \overline on input line 399.
LaTeX Info: Redefining \colon on input line 410.
\classnum@=\count284
\DOTSCASE@=\count285
LaTeX Info: Redefining \ldots on input line 496.
LaTeX Info: Redefining \dots on input line 499.
LaTeX Info: Redefining \cdots on input line 620.
\Mathstrutbox@=\box54
\strutbox@=\box55
LaTeX Info: Redefining \big on input line 722.
LaTeX Info: Redefining \Big on input line 723.
LaTeX Info: Redefining \bigg on input line 724.
LaTeX Info: Redefining \Bigg on input line 725.
\big@size=\dimen159
LaTeX Font Info:    Redeclaring font encoding OML on input line 743.
LaTeX Font Info:    Redeclaring font encoding OMS on input line 744.
\macc@depth=\count286
LaTeX Info: Redefining \bmod on input line 905.
LaTeX Info: Redefining \pmod on input line 910.
LaTeX Info: Redefining \smash on input line 940.
LaTeX Info: Redefining \relbar on input line 970.
LaTeX Info: Redefining \Relbar on input line 971.
\c@MaxMatrixCols=\count287
\dotsspace@=\muskip17
\c@parentequation=\count288
\dspbrk@lvl=\count289
\tag@help=\toks24
\row@=\count290
\column@=\count291
\maxfields@=\count292
\andhelp@=\toks25
\eqnshift@=\dimen160
\alignsep@=\dimen161
\tagshift@=\dimen162
\tagwidth@=\dimen163
\totwidth@=\dimen164
\lineht@=\dimen165
\@envbody=\toks26
\multlinegap=\skip67
\multlinetaggap=\skip68
\mathdisplay@stack=\toks27
LaTeX Info: Redefining \[ on input line 2953.
LaTeX Info: Redefining \] on input line 2954.
)
(/usr/share/texlive/texmf-dist/tex/latex/amsfonts/amssymb.sty
Package: amssymb 2013/01/14 v3.01 AMS font symbols

(/usr/share/texlive/texmf-dist/tex/latex/amsfonts/amsfonts.sty
Package: amsfonts 2013/01/14 v3.01 Basic AMSFonts support
\symAMSa=\mathgroup4
\symAMSb=\mathgroup5
LaTeX Font Info:    Redeclaring math symbol \hbar on input line 98.
LaTeX Font Info:    Overwriting math alphabet `\mathfrak' in version `bold'
(Font)                  U/euf/m/n --> U/euf/b/n on input line 106.
))
(/usr/share/texlive/texmf-dist/tex/latex/booktabs/booktabs.sty
Package: booktabs 2020/01/12 v1.61803398 Publication quality tables
\heavyrulewidth=\dimen166
\lightrulewidth=\dimen167
\cmidrulewidth=\dimen168
\belowrulesep=\dimen169
\belowbottomsep=\dimen170
\aboverulesep=\dimen171
\abovetopsep=\dimen172
\cmidrulesep=\dimen173
\cmidrulekern=\dimen174
\defaultaddspace=\dimen175
\@cmidla=\count293
\@cmidlb=\count294
\@aboverulesep=\dimen176
\@belowrulesep=\dimen177
\@thisruleclass=\count295
\@lastruleclass=\count296
\@thisrulewidth=\dimen178
)
(/usr/share/texlive/texmf-dist/tex/latex/tools/array.sty
Package: array 2023/10/16 v2.5g Tabular extension package (FMi)
\col@sep=\dimen179
\ar@mcellbox=\box56
\extrarowheight=\dimen180
\NC@list=\toks28
\extratabsurround=\skip69
\backup@length=\skip70
\ar@cellbox=\box57
)
(/usr/share/texlive/texmf-dist/tex/latex/tools/tabularx.sty
Package: tabularx 2023/07/08 v2.11c `tabularx' package (DPC)
\TX@col@width=\dimen181
\TX@old@table=\dimen182
\TX@old@col=\dimen183
\TX@target=\dimen184
\TX@delta=\dimen185
\TX@cols=\count297
\TX@ftn=\toks29
)
(/usr/share/texlive/texmf-dist/tex/latex/tools/longtable.sty
Package: longtable 2023-11-01 v4.19 Multi-page Table package (DPC)
\LTleft=\skip71
\LTright=\skip72
\LTpre=\skip73
\LTpost=\skip74
\LTchunksize=\count298
\LTcapwidth=\dimen186
\LT@head=\box58
\LT@firsthead=\box59
\LT@foot=\box60
\LT@lastfoot=\box61
\LT@gbox=\box62
\LT@cols=\count299
\LT@rows=\count300
\c@LT@tables=\count301
\c@LT@chunks=\count302
\LT@p@ftn=\toks30
)
Class scrartcl Info: longtable captions redefined on input line 60.

(/usr/share/texlive/texmf-dist/tex/latex/float/float.sty
Package: float 2001/11/08 v1.3d Float enhancements (AL)
\c@float@type=\count303
\float@exts=\toks31
\float@box=\box63
\@float@everytoks=\toks32
\@floatcapt=\box64
)
\c@savepage=\count304
LaTeX Font Info:    Trying to load font information for T1+lmr on input line 10
3.

(/usr/share/texmf/tex/latex/lm/t1lmr.fd
File: t1lmr.fd 2015/05/01 v1.6.1 Font defs for Latin Modern
)
(/usr/share/texlive/texmf-dist/tex/latex/l3backend/l3backend-pdftex.def
File: l3backend-pdftex.def 2024-01-04 L3 backend support: PDF output (pdfTeX)
\l__color_backend_stack_int=\count305
\l__pdf_internal_box=\box65
)
(./main.aux)
\openout1 = `main.aux'.

LaTeX Font Info:    Checking defaults for OML/cmm/m/it on input line 103.
LaTeX Font Info:    ... okay on input line 103.
LaTeX Font Info:    Checking defaults for OMS/cmsy/m/n on input line 103.
LaTeX Font Info:    ... okay on input line 103.
LaTeX Font Info:    Checking defaults for OT1/cmr/m/n on input line 103.
LaTeX Font Info:    ... okay on input line 103.
LaTeX Font Info:    Checking defaults for T1/cmr/m/n on input line 103.
LaTeX Font Info:    ... okay on input line 103.
LaTeX Font Info:    Checking defaults for TS1/cmr/m/n on input line 103.
LaTeX Font Info:    ... okay on input line 103.
LaTeX Font Info:    Checking defaults for OMX/cmex/m/n on input line 103.
LaTeX Font Info:    ... okay on input line 103.
LaTeX Font Info:    Checking defaults for U/cmr/m/n on input line 103.
LaTeX Font Info:    ... okay on input line 103.
LaTeX Font Info:    Checking defaults for PD1/pdf/m/n on input line 103.
LaTeX Font Info:    ... okay on input line 103.
LaTeX Font Info:    Checking defaults for PU/pdf/m/n on input line 103.
LaTeX Font Info:    ... okay on input line 103.
 (/usr/share/texlive/texmf-dist/tex/context/base/mkii/supp-pdf.mkii
[Loading MPS to PDF converter (version 2006.09.02).]
\scratchcounter=\count306
\scratchdimen=\dimen187
\scratchbox=\box66
\nofMPsegments=\count307
\nofMParguments=\count308
\everyMPshowfont=\toks33
\MPscratchCnt=\count309
\MPscratchDim=\dimen188
\MPnumerator=\count310
\makeMPintoPDFobject=\count311
\everyMPtoPDFconversion=\toks34
) (/usr/share/texlive/texmf-dist/tex/latex/epstopdf-pkg/epstopdf-base.sty
Package: epstopdf-base 2020-01-24 v2.11 Base part for package epstopdf
Package epstopdf-base Info: Redefining graphics rule for `.eps' on input line 4
85.

(/usr/share/texlive/texmf-dist/tex/latex/latexconfig/epstopdf-sys.cfg
File: epstopdf-sys.cfg 2010/07/13 v1.3 Configuration of (r)epstopdf for TeX Liv
e
))
Package hyperref Info: Link coloring ON on input line 103.

(./main.out) (./main.out)
\@outlinefile=\write3
\openout3 = `main.out'.

Class scrartcl Info: loading recommended package `bookmark'.
(scrartcl)           Using `bookmark' together with `hyperref' is recommended,
(scrartcl)           because of handling of possible bookmark level gaps.
(scrartcl)           You can avoid loading `bookmark' with KOMA-Script option
(scrartcl)           `bookmarkpackage=false' before \begin{document} and
(scrartcl)           you can avoid this message adding:
(scrartcl)             \usepackage{bookmark}
(scrartcl)           before \begin{document} on input line 103.

(/usr/share/texlive/texmf-dist/tex/latex/bookmark/bookmark.sty
Package: bookmark 2023-12-10 v1.31 PDF bookmarks (HO)

(/usr/share/texlive/texmf-dist/tex/latex/bookmark/bkm-pdftex.def
File: bkm-pdftex.def 2023-12-10 v1.31 bookmark driver for pdfTeX and luaTeX (HO
)
\BKM@id=\count312
))
*geometry* detected driver: pdftex
*geometry* verbose mode - [ preamble ] result:
* driver: pdftex
* paper: a4paper
* layout: <same size as paper>
* layoutoffset:(h,v)=(0.0pt,0.0pt)
* modes: 
* h-part:(L,W,R)=(71.13188pt, 455.24411pt, 71.13188pt)
* v-part:(T,H,B)=(99.58464pt, 660.10394pt, 85.35826pt)
* \paperwidth=597.50787pt
* \paperheight=845.04684pt
* \textwidth=455.24411pt
* \textheight=660.10394pt
* \oddsidemargin=-1.1381pt
* \evensidemargin=-1.1381pt
* \topmargin=-35.39967pt
* \headheight=40.96432pt
* \headsep=21.75pt
* \topskip=12.0pt
* \footskip=50.75pt
* \marginparwidth=49.79233pt
* \marginparsep=12.8401pt
* \columnsep=10.0pt
* \skip\footins=10.8pt plus 4.0pt minus 2.0pt
* \hoffset=0.0pt
* \voffset=0.0pt
* \mag=1000
* \@twocolumnfalse
* \@twosidefalse
* \@mparswitchfalse
* \@reversemarginfalse
* (1in=72.27pt=25.4mm, 1cm=28.453pt)

LaTeX Info: Redefining \microtypecontext on input line 103.
Package microtype Info: Applying patch `item' on input line 103.
Package microtype Info: Applying patch `toc' on input line 103.
Package microtype Info: Applying patch `eqnum' on input line 103.

Package microtype Warning: Unable to apply patch `footnote' on input line 103.

Package microtype Info: Applying patch `verbatim' on input line 103.
Package microtype Info: Generating PDF output.
Package microtype Info: Character protrusion enabled (level 2).
Package microtype Info: Using default protrusion set `alltext'.
Package microtype Info: Automatic font expansion enabled (level 2),
(microtype)             stretch: 20, shrink: 20, step: 1, non-selected.
Package microtype Info: Using default expansion set `alltext-nott'.
LaTeX Info: Redefining \showhyphens on input line 103.
Package microtype Info: No adjustment of tracking.
Package microtype Info: No adjustment of interword spacing.
Package microtype Info: No adjustment of character kerning.
(/usr/share/texlive/texmf-dist/tex/latex/microtype/mt-cmr.cfg
File: mt-cmr.cfg 2013/05/19 v2.2 microtype config. file: Computer Modern Roman 
(RS)
)
<logos/logo_dhbw.png, id=4, 1284.8pt x 537.00626pt>
File: logos/logo_dhbw.png Graphic file (type png)
<use logos/logo_dhbw.png>
Package pdftex.def Info: logos/logo_dhbw.png  used on input line 115.
(pdftex.def)             Requested size: 113.81102pt x 47.56642pt.
LaTeX Font Info:    Trying to load font information for OT1+lmr on input line 1
23.

(/usr/share/texmf/tex/latex/lm/ot1lmr.fd
File: ot1lmr.fd 2015/05/01 v1.6.1 Font defs for Latin Modern
)
LaTeX Font Info:    Trying to load font information for OML+lmm on input line 1
23.

(/usr/share/texmf/tex/latex/lm/omllmm.fd
File: omllmm.fd 2015/05/01 v1.6.1 Font defs for Latin Modern
)
LaTeX Font Info:    Trying to load font information for OMS+lmsy on input line 
123.

(/usr/share/texmf/tex/latex/lm/omslmsy.fd
File: omslmsy.fd 2015/05/01 v1.6.1 Font defs for Latin Modern
)
LaTeX Font Info:    Trying to load font information for OMX+lmex on input line 
123.

(/usr/share/texmf/tex/latex/lm/omxlmex.fd
File: omxlmex.fd 2015/05/01 v1.6.1 Font defs for Latin Modern
)
LaTeX Font Info:    External font `lmex10' loaded for size
(Font)              <12> on input line 123.
LaTeX Font Info:    External font `lmex10' loaded for size
(Font)              <8> on input line 123.
LaTeX Font Info:    External font `lmex10' loaded for size
(Font)              <6> on input line 123.
LaTeX Font Info:    Trying to load font information for U+msa on input line 123
.

(/usr/share/texlive/texmf-dist/tex/latex/amsfonts/umsa.fd
File: umsa.fd 2013/01/14 v3.01 AMS symbols A
)
(/usr/share/texlive/texmf-dist/tex/latex/microtype/mt-msa.cfg
File: mt-msa.cfg 2006/02/04 v1.1 microtype config. file: AMS symbols (a) (RS)
)
LaTeX Font Info:    Trying to load font information for U+msb on input line 123
.

(/usr/share/texlive/texmf-dist/tex/latex/amsfonts/umsb.fd
File: umsb.fd 2013/01/14 v3.01 AMS symbols B
)
(/usr/share/texlive/texmf-dist/tex/latex/microtype/mt-msb.cfg
File: mt-msb.cfg 2005/06/01 v1.0 microtype config. file: AMS symbols (b) (RS)
) [1

{/var/lib/texmf/fonts/map/pdftex/updmap/pdftex.map}{/usr/share/texmf/fonts/enc/
dvips/lm/lm-ec.enc} <./logos/logo_dhbw.png>]
LaTeX Font Info:    Trying to load font information for T1+lmss on input line 1
48.
 (/usr/share/texmf/tex/latex/lm/t1lmss.fd
File: t1lmss.fd 2015/05/01 v1.6.1 Font defs for Latin Modern
)
Package microtype Info: Loading generic protrusion settings for font family
(microtype)             `lmss' (encoding: T1).
(microtype)             For optimal results, create family-specific settings.
(microtype)             See the microtype manual for details.
Package tocbasic Info: character protrusion at toc deactivated on input line 14
8.

(./main.toc
File: logos/logo_dhbw.png Graphic file (type png)
<use logos/logo_dhbw.png>
Package pdftex.def Info: logos/logo_dhbw.png  used on input line 34.
(pdftex.def)             Requested size: 85.08328pt x 35.56593pt.
 [2])
\tf@toc=\write4
\openout4 = `main.toc'.

File: logos/logo_dhbw.png Graphic file (type png)
<use logos/logo_dhbw.png>
Package pdftex.def Info: logos/logo_dhbw.png  used on input line 151.
(pdftex.def)             Requested size: 85.08328pt x 35.56593pt.
 [3{/usr/share/texmf/fonts/enc/dvips/lm/lm-mathsy.enc}]
Package tocbasic Info: character protrusion at lof deactivated on input line 15
2.

(./main.lof)
\tf@lof=\write5
\openout5 = `main.lof'.

File: logos/logo_dhbw.png Graphic file (type png)
<use logos/logo_dhbw.png>
Package pdftex.def Info: logos/logo_dhbw.png  used on input line 155.
(pdftex.def)             Requested size: 85.08328pt x 35.56593pt.
 [4] (./sections/01_einleitung.tex
LaTeX Font Info:    Trying to load font information for TS1+lmr on input line 1
6.

(/usr/share/texmf/tex/latex/lm/ts1lmr.fd
File: ts1lmr.fd 2015/05/01 v1.6.1 Font defs for Latin Modern
)
File: logos/logo_dhbw.png Graphic file (type png)
<use logos/logo_dhbw.png>
Package pdftex.def Info: logos/logo_dhbw.png  used on input line 53.
(pdftex.def)             Requested size: 85.08328pt x 35.56593pt.
 [1{/usr/share/texmf/fonts/enc/dvips/lm/lm-ts1.enc}]) (./sections/02_gesamtarch
itektur.tex
<../Diagram_SE/01_Context.png, id=171, 710.655pt x 277.78781pt>
File: ../Diagram_SE/01_Context.png Graphic file (type png)
<use ../Diagram_SE/01_Context.png>
Package pdftex.def Info: ../Diagram_SE/01_Context.png  used on input line 32.
(pdftex.def)             Requested size: 432.48051pt x 169.0561pt.
File: logos/logo_dhbw.png Graphic file (type png)
<use logos/logo_dhbw.png>
Package pdftex.def Info: logos/logo_dhbw.png  used on input line 35.
(pdftex.def)             Requested size: 85.08328pt x 35.56593pt.
 [2]
<../Diagram_SE/02_Component_Overview.png, id=178, 861.9703pt x 481.04718pt>
File: ../Diagram_SE/02_Component_Overview.png Graphic file (type png)
<use ../Diagram_SE/02_Component_Overview.png>
Package pdftex.def Info: ../Diagram_SE/02_Component_Overview.png  used on input
 line 45.
(pdftex.def)             Requested size: 432.48051pt x 241.35977pt.
File: logos/logo_dhbw.png Graphic file (type png)
<use logos/logo_dhbw.png>
Package pdftex.def Info: logos/logo_dhbw.png  used on input line 52.
(pdftex.def)             Requested size: 85.08328pt x 35.56593pt.
 [3
pdfTeX warning (ext4): destination with the same identifier (name{figure.1}) ha
s been already used, duplicate ignored
<argument> ...shipout:D \box_use:N \l_shipout_box 
                                                  \__shipout_drop_firstpage_...
l.52   \item D
              er \textbf{TTC-Observer} verarbeitet Sensordaten zur Bestimmun...

pdfTeX warning (ext4): destination with the same identifier (name{figure.2}) ha
s been already used, duplicate ignored
<argument> ...shipout:D \box_use:N \l_shipout_box 
                                                  \__shipout_drop_firstpage_...
l.52   \item D
              er \textbf{TTC-Observer} verarbeitet Sensordaten zur Bestimmun...
 <../Diagram_SE/01_Context.png> <../Diagram_SE/02_Component_Overview.png>]
Overfull \hbox (17.15063pt too wide) in paragraph at lines 52--54
[]\T1/lmr/m/n/12 (-20) Der \T1/lmr/bx/n/12 (-20) TTC-Observer \T1/lmr/m/n/12 (-
20) ver-ar-bei-tet Sens-or-da-ten zur Be-stim-mung der Fahr-zo-ne (Grün/Gelb)
 []

LaTeX Font Info:    Trying to load font information for T1+lmtt on input line 5
6.
(/usr/share/texmf/tex/latex/lm/t1lmtt.fd
File: t1lmtt.fd 2015/05/01 v1.6.1 Font defs for Latin Modern
)
Package microtype Info: Loading generic protrusion settings for font family
(microtype)             `lmtt' (encoding: T1).
(microtype)             For optimal results, create family-specific settings.
(microtype)             See the microtype manual for details.

Overfull \hbox (4.75713pt too wide) in paragraph at lines 67--69
\T1/lmr/m/n/12 (-20) Die fol-gen-den Klas-sen-dia-gram-me zei-gen At-tri-bu-te 
und öf-fent-li-che Ope-ra-tio-nen pro Hardware-
 []

<../Diagram_SE/02_Jetson_ClassDiagram.png, id=186, 607.51968pt x 210.03468pt>
File: ../Diagram_SE/02_Jetson_ClassDiagram.png Graphic file (type png)
<use ../Diagram_SE/02_Jetson_ClassDiagram.png>
Package pdftex.def Info: ../Diagram_SE/02_Jetson_ClassDiagram.png  used on inpu
t line 74.
(pdftex.def)             Requested size: 432.48051pt x 149.52306pt.
LaTeX Font Info:    Font shape `T1/lmtt/bx/n' in size <12> not available
(Font)              Font shape `T1/lmtt/b/n' tried instead on input line 81.

Overfull \hbox (14.06758pt too wide) in paragraph at lines 84--86
[]\T1/lmr/m/n/12 (-20) Berechnet Time-To-Collision aus Sens-or-da-ten; sen-det 
ZoneUpdate-Kommandos
 []

File: logos/logo_dhbw.png Graphic file (type png)
<use logos/logo_dhbw.png>
Package pdftex.def Info: logos/logo_dhbw.png  used on input line 86.
(pdftex.def)             Requested size: 85.08328pt x 35.56593pt.
[4
pdfTeX warning (ext4): destination with the same identifier (name{figure.3}) ha
s been already used, duplicate ignored
<argument> ...shipout:D \box_use:N \l_shipout_box 
                                                  \__shipout_drop_firstpage_...
l.86   \item[\texttt{SensorFusionAdapter}]
                                           <../Diagram_SE/02_Jetson_ClassDiagra
m.png>]
<../Diagram_SE/02_Master_ClassDiagram.png, id=194, 682.04813pt x 382.42876pt>
File: ../Diagram_SE/02_Master_ClassDiagram.png Graphic file (type png)
<use ../Diagram_SE/02_Master_ClassDiagram.png>
Package pdftex.def Info: ../Diagram_SE/02_Master_ClassDiagram.png  used on inpu
t line 95.
(pdftex.def)             Requested size: 432.48051pt x 242.49527pt.
File: logos/logo_dhbw.png Graphic file (type png)
<use logos/logo_dhbw.png>
Package pdftex.def Info: logos/logo_dhbw.png  used on input line 118.
(pdftex.def)             Requested size: 85.08328pt x 35.56593pt.
 [5
pdfTeX warning (ext4): destination with the same identifier (name{figure.4}) ha
s been already used, duplicate ignored
<argument> ...shipout:D \box_use:N \l_shipout_box 
                                                  \__shipout_drop_firstpage_...
l.118 \begin{center}
                     <../Diagram_SE/02_Master_ClassDiagram.png>]
Underfull \hbox (badness 7116) in paragraph at lines 126--127
[]|\T1/lmr/m/n/12 (+20) Nutzdaten (bis zu 8Byte, CAN-
 []

<../Diagram_SE/02_Slave_ClassDiagram.png, id=200, 684.30656pt x 326.72063pt>
File: ../Diagram_SE/02_Slave_ClassDiagram.png Graphic file (type png)
<use ../Diagram_SE/02_Slave_ClassDiagram.png>
Package pdftex.def Info: ../Diagram_SE/02_Slave_ClassDiagram.png  used on input
 line 141.
(pdftex.def)             Requested size: 432.48051pt x 206.49313pt.
File: logos/logo_dhbw.png Graphic file (type png)
<use logos/logo_dhbw.png>
Package pdftex.def Info: logos/logo_dhbw.png  used on input line 151.
(pdftex.def)             Requested size: 85.08328pt x 35.56593pt.
[6
pdfTeX warning (ext4): destination with the same identifier (name{figure.5}) ha
s been already used, duplicate ignored
<argument> ...shipout:D \box_use:N \l_shipout_box 
                                                  \__shipout_drop_firstpage_...
l.151   \item[\texttt{EmergencyStop}]
                                      <../Diagram_SE/02_Slave_ClassDiagram.png>
]
Overfull \hbox (11.11984pt too wide) in paragraph at lines 155--157
[]\T1/lmr/m/n/12 (-20) Abstrahiert die Mo-tor-steue-rung; emp-fängt aus-schlie˙
-lich Stop-/Freigabe-
 []

) (./sections/03_deployment.tex
<../Diagram_SE/03_Deployment.png, id=208, 924.45375pt x 229.60782pt>
File: ../Diagram_SE/03_Deployment.png Graphic file (type png)
<use ../Diagram_SE/03_Deployment.png>
Package pdftex.def Info: ../Diagram_SE/03_Deployment.png  used on input line 12
.
(pdftex.def)             Requested size: 432.48051pt x 107.41467pt.

Underfull \hbox (badness 10000) in paragraph at lines 26--28
[]|\T1/lmtt/m/n/12 AutonomyController\T1/lmr/m/n/12 (+20) , \T1/lmtt/m/n/12 TTC
Observer\T1/lmr/m/n/12 (+20) ,
 []


Underfull \hbox (badness 10000) in paragraph at lines 32--34
[]|\T1/lmtt/m/n/12 EnvironmentControl\T1/lmr/m/n/12 (+20) , \T1/lmtt/m/n/12 Eme
rgencyStop\T1/lmr/m/n/12 (+20) ,
 []

File: logos/logo_dhbw.png Graphic file (type png)
<use logos/logo_dhbw.png>
Package pdftex.def Info: logos/logo_dhbw.png  used on input line 36.
(pdftex.def)             Requested size: 85.08328pt x 35.56593pt.
[7
pdfTeX warning (ext4): destination with the same identifier (name{figure.6}) ha
s been already used, duplicate ignored
<argument> ...shipout:D \box_use:N \l_shipout_box 
                                                  \__shipout_drop_firstpage_...
l.36 \end{center}
                  <../Diagram_SE/03_Deployment.png>]
File: logos/logo_dhbw.png Graphic file (type png)
<use logos/logo_dhbw.png>
Package pdftex.def Info: logos/logo_dhbw.png  used on input line 70.
(pdftex.def)             Requested size: 85.08328pt x 35.56593pt.
 [8{/usr/share/texmf/fonts/enc/dvips/lm/lm-rm.enc}{/usr/share/texmf/fonts/enc/d
vips/lm/lm-mathit.enc}])
(./sections/04_dynamik.tex
<../Diagram_SE/04_Sequence_SafetyZone.png, id=224, 937.25156pt x 438.8897pt>
File: ../Diagram_SE/04_Sequence_SafetyZone.png Graphic file (type png)
<use ../Diagram_SE/04_Sequence_SafetyZone.png>
Package pdftex.def Info: ../Diagram_SE/04_Sequence_SafetyZone.png  used on inpu
t line 18.
(pdftex.def)             Requested size: 432.48051pt x 202.52121pt.
File: logos/logo_dhbw.png Graphic file (type png)
<use logos/logo_dhbw.png>
Package pdftex.def Info: logos/logo_dhbw.png  used on input line 34.
(pdftex.def)             Requested size: 85.08328pt x 35.56593pt.
 [9
pdfTeX warning (ext4): destination with the same identifier (name{figure.7}) ha
s been already used, duplicate ignored
<argument> ...shipout:D \box_use:N \l_shipout_box 
                                                  \__shipout_drop_firstpage_...
l.34   \item D
              er Emergency Stop wechselt in den Zustand \texttt{EmergencyStop},
 <../Diagram_SE/04_Sequence_SafetyZone.png>]
<../Diagram_SE/05_Sequence_Startup.png, id=234, 901.86937pt x 495.35063pt>
File: ../Diagram_SE/05_Sequence_Startup.png Graphic file (type png)
<use ../Diagram_SE/05_Sequence_Startup.png>
Package pdftex.def Info: ../Diagram_SE/05_Sequence_Startup.png  used on input l
ine 49.
(pdftex.def)             Requested size: 432.48051pt x 237.53885pt.
File: logos/logo_dhbw.png Graphic file (type png)
<use logos/logo_dhbw.png>
Package pdftex.def Info: logos/logo_dhbw.png  used on input line 64.
(pdftex.def)             Requested size: 85.08328pt x 35.56593pt.
 [10
pdfTeX warning (ext4): destination with the same identifier (name{figure.8}) ha
s been already used, duplicate ignored
<argument> ...shipout:D \box_use:N \l_shipout_box 
                                                  \__shipout_drop_firstpage_...
l.64   \item \texttt
                    {Logger} registriert \texttt{INFO: System startup comple...
 <../Diagram_SE/05_Sequence_Startup.png>]
<../Diagram_SE/05_Sequence_Release.png, id=245, 806.26219pt x 492.33937pt>
File: ../Diagram_SE/05_Sequence_Release.png Graphic file (type png)
<use ../Diagram_SE/05_Sequence_Release.png>
Package pdftex.def Info: ../Diagram_SE/05_Sequence_Release.png  used on input l
ine 74.
(pdftex.def)             Requested size: 432.48051pt x 264.09386pt.
<../Diagram_SE/05_Sequence_ReleaseRejected.png, id=246, 721.94719pt x 417.05812
pt>
File: ../Diagram_SE/05_Sequence_ReleaseRejected.png Graphic file (type png)
<use ../Diagram_SE/05_Sequence_ReleaseRejected.png>
Package pdftex.def Info: ../Diagram_SE/05_Sequence_ReleaseRejected.png  used on
 input line 100.
(pdftex.def)             Requested size: 432.48051pt x 249.83588pt.
File: logos/logo_dhbw.png Graphic file (type png)
<use logos/logo_dhbw.png>
Package pdftex.def Info: logos/logo_dhbw.png  used on input line 104.
(pdftex.def)             Requested size: 85.08328pt x 35.56593pt.
 [11
pdfTeX warning (ext4): destination with the same identifier (name{figure.9}) ha
s been already used, duplicate ignored
<argument> ...shipout:D \box_use:N \l_shipout_box 
                                                  \__shipout_drop_firstpage_...
l.104 
       <../Diagram_SE/05_Sequence_Release.png>]
<../Diagram_SE/05_Sequence_Error.png, id=258, 752.8125pt x 391.4625pt>
File: ../Diagram_SE/05_Sequence_Error.png Graphic file (type png)
<use ../Diagram_SE/05_Sequence_Error.png>
Package pdftex.def Info: ../Diagram_SE/05_Sequence_Error.png  used on input lin
e 116.
(pdftex.def)             Requested size: 432.48051pt x 224.89804pt.
File: logos/logo_dhbw.png Graphic file (type png)
<use logos/logo_dhbw.png>
Package pdftex.def Info: logos/logo_dhbw.png  used on input line 120.
(pdftex.def)             Requested size: 85.08328pt x 35.56593pt.
 [12
pdfTeX warning (ext4): destination with the same identifier (name{figure.10}) h
as been already used, duplicate ignored
<argument> ...shipout:D \box_use:N \l_shipout_box 
                                                  \__shipout_drop_firstpage_...
l.120 
       <../Diagram_SE/05_Sequence_ReleaseRejected.png>]
<../Diagram_SE/05_Sequence_Shutdown.png, id=264, 758.835pt x 444.15938pt>
File: ../Diagram_SE/05_Sequence_Shutdown.png Graphic file (type png)
<use ../Diagram_SE/05_Sequence_Shutdown.png>
Package pdftex.def Info: ../Diagram_SE/05_Sequence_Shutdown.png  used on input 
line 139.
(pdftex.def)             Requested size: 432.48051pt x 253.13957pt.
File: logos/logo_dhbw.png Graphic file (type png)
<use logos/logo_dhbw.png>
Package pdftex.def Info: logos/logo_dhbw.png  used on input line 143.
(pdftex.def)             Requested size: 85.08328pt x 35.56593pt.
 [13
pdfTeX warning (ext4): destination with the same identifier (name{figure.11}) h
as been already used, duplicate ignored
<argument> ...shipout:D \box_use:N \l_shipout_box 
                                                  \__shipout_drop_firstpage_...
l.143 
       <../Diagram_SE/05_Sequence_Error.png>])
(./sections/05_detailed_design.tex
<../Diagram_SE/06_EStop_Class_Detailed.png, id=274, 778.40813pt x 487.06969pt>
File: ../Diagram_SE/06_EStop_Class_Detailed.png Graphic file (type png)
<use ../Diagram_SE/06_EStop_Class_Detailed.png>
Package pdftex.def Info: ../Diagram_SE/06_EStop_Class_Detailed.png  used on inp
ut line 17.
(pdftex.def)             Requested size: 432.48051pt x 270.62415pt.
File: logos/logo_dhbw.png Graphic file (type png)
<use logos/logo_dhbw.png>
Package pdftex.def Info: logos/logo_dhbw.png  used on input line 21.
(pdftex.def)             Requested size: 85.08328pt x 35.56593pt.
 [14
pdfTeX warning (ext4): destination with the same identifier (name{figure.12}) h
as been already used, duplicate ignored
<argument> ...shipout:D \box_use:N \l_shipout_box 
                                                  \__shipout_drop_firstpage_...
l.21 
      <../Diagram_SE/05_Sequence_Shutdown.png>]
Overfull \hbox (19.61679pt too wide) in paragraph at lines 35--35
[]|\T1/lmtt/m/n/12 DriveControlUnit*| 
 []


Underfull \hbox (badness 10000) in paragraph at lines 49--50
[]|\T1/lmtt/m/n/12 onZoneUpdate(zone: Zone) :
 []

File: logos/logo_dhbw.png Graphic file (type png)
<use logos/logo_dhbw.png>
Package pdftex.def Info: logos/logo_dhbw.png  used on input line 63.
(pdftex.def)             Requested size: 85.08328pt x 35.56593pt.
[15
pdfTeX warning (ext4): destination with the same identifier (name{figure.13}) h
as been already used, duplicate ignored
<argument> ...shipout:D \box_use:N \l_shipout_box 
                                                  \__shipout_drop_firstpage_...
l.63 \end{center}
                  <../Diagram_SE/06_EStop_Class_Detailed.png>]
Underfull \hbox (badness 3229) in paragraph at lines 79--80
[]|\T1/lmr/m/n/12 (+20) Setzt Zu-stand auf \T1/lmtt/m/n/12 SoftStop\T1/lmr/m/n/
12 (+20) ; ruft
 []


Underfull \hbox (badness 10000) in paragraph at lines 81--82
[]|\T1/lmr/m/n/12 (+20) Sendet Stop-Befehl an
 []


Underfull \hbox (badness 10000) in paragraph at lines 83--84
[]|\T1/lmr/m/n/12 (+20) Sendet Freigabe-Befehl an
 []


Underfull \hbox (badness 10000) in paragraph at lines 85--86
[]|\T1/lmr/m/n/12 (+20) Prüft: \T1/lmtt/m/n/12 !safetyZoneActive &&
 []


Underfull \hbox (badness 10000) in paragraph at lines 86--87
[]|\T1/lmtt/m/n/12 logEvent(level: LogLevel, msg:
 []


Underfull \hbox (badness 10000) in paragraph at lines 88--89
[]|\T1/lmtt/m/n/12 transitionTo(state:
 []

File: logos/logo_dhbw.png Graphic file (type png)
<use logos/logo_dhbw.png>
Package pdftex.def Info: logos/logo_dhbw.png  used on input line 92.
(pdftex.def)             Requested size: 85.08328pt x 35.56593pt.
[16]
Overfull \hbox (1.24356pt too wide) in paragraph at lines 122--123
[]|\T1/lmr/m/n/12 (-20) triggerEmergencyStop()| 
 []


Underfull \hbox (badness 10000) in paragraph at lines 123--124
[]|\T1/lmtt/m/n/12 currentState =
 []


Underfull \hbox (badness 10000) in paragraph at lines 124--127
[]|\T1/lmtt/m/n/12 currentState ==
 []


Underfull \hbox (badness 10000) in paragraph at lines 124--127
\T1/lmtt/m/n/12 EmergencyStop\T1/lmr/m/n/12 (+20) ;
 []


Underfull \hbox (badness 10000) in paragraph at lines 124--127
\T1/lmtt/m/n/12 DriveControlUnit \T1/lmr/m/n/12 (+20) ge-
 []


Underfull \hbox (badness 10000) in paragraph at lines 128--129
[]|\T1/lmtt/m/n/12 currentState =
 []


Underfull \hbox (badness 10000) in paragraph at lines 129--132
[]|\T1/lmtt/m/n/12 currentState
 []


Underfull \hbox (badness 10000) in paragraph at lines 129--132
\T1/lmtt/m/n/12 == SoftStop\T1/lmr/m/n/12 (+20) ;
 []


Underfull \hbox (badness 10000) in paragraph at lines 129--132
\T1/lmtt/m/n/12 DriveControlUnit \T1/lmr/m/n/12 (+20) ge-
 []


Underfull \hbox (badness 10000) in paragraph at lines 134--136
[]|\T1/lmr/m/n/12 (+20) Stop-Befehl an
 []


Underfull \hbox (badness 10000) in paragraph at lines 134--136
\T1/lmtt/m/n/12 DriveControlUnit \T1/lmr/m/n/12 (+20) ge-
 []


Underfull \hbox (badness 10000) in paragraph at lines 134--136
\T1/lmr/m/n/12 (+20) sen-det; Rück-ga-be-wert
 []


Underfull \hbox (badness 10000) in paragraph at lines 137--139
[]|\T1/lmtt/m/n/12 currentState ==
 []


Underfull \hbox (badness 10000) in paragraph at lines 137--139
\T1/lmtt/m/n/12 Normal\T1/lmr/m/n/12 (+20) ; \T1/lmtt/m/n/12 driveRef =
 []


Underfull \hbox (badness 1701) in paragraph at lines 139--141
[]|\T1/lmr/m/n/12 (+20) Freigabe-Befehl ge-sen-det;
 []


Underfull \hbox (badness 10000) in paragraph at lines 143--145
[]|\T1/lmr/m/n/12 (+20) Gibt \T1/lmtt/m/n/12 true \T1/lmr/m/n/12 (+20) gdw.
 []


Underfull \hbox (badness 10000) in paragraph at lines 143--145
\T1/lmtt/m/n/12 !safetyZoneActive
 []


Underfull \hbox (badness 10000) in paragraph at lines 143--145
\T1/lmtt/m/n/12 && !errorFlag\T1/lmr/m/n/12 (+20) ; kein
 []


Underfull \hbox (badness 10000) in paragraph at lines 146--148
[]|\T1/lmtt/m/n/12 loggerRef = nullptr\T1/lmr/m/n/12 (+20) ;
 []


Underfull \hbox (badness 2012) in paragraph at lines 148--150
[]|\T1/lmr/m/n/12 (+20) Eintrag mit Zeit-stem-pel
 []


Underfull \hbox (badness 10000) in paragraph at lines 151--153
[]|\T1/lmtt/m/n/12 state \T1/lmr/m/n/12 (+20) ist gül-ti-ger
 []


Underfull \hbox (badness 10000) in paragraph at lines 151--153
\T1/lmtt/m/n/12 EStopState\T1/lmr/m/n/12 (+20) ; Über-gang
 []


Underfull \hbox (badness 10000) in paragraph at lines 153--155
[]|\T1/lmtt/m/n/12 currentState ==
 []


Underfull \hbox (badness 10000) in paragraph at lines 153--155
\T1/lmtt/m/n/12 state\T1/lmr/m/n/12 (+20) ; Über-gang via
 []


Underfull \hbox (badness 10000) in paragraph at lines 153--155
\T1/lmtt/m/n/12 logEvent(INFO, ...)
 []

File: logos/logo_dhbw.png Graphic file (type png)
<use logos/logo_dhbw.png>
Package pdftex.def Info: logos/logo_dhbw.png  used on input line 156.
(pdftex.def)             Requested size: 85.08328pt x 35.56593pt.
[17]
<../Diagram_SE/06_EStop_Internal_Sequence.png, id=301, 383.93437pt x 510.40688p
t>
File: ../Diagram_SE/06_EStop_Internal_Sequence.png Graphic file (type png)
<use ../Diagram_SE/06_EStop_Internal_Sequence.png>
Package pdftex.def Info: ../Diagram_SE/06_EStop_Internal_Sequence.png  used on 
input line 164.
(pdftex.def)             Requested size: 432.48051pt x 574.98514pt.
File: logos/logo_dhbw.png Graphic file (type png)
<use logos/logo_dhbw.png>
Package pdftex.def Info: logos/logo_dhbw.png  used on input line 168.
(pdftex.def)             Requested size: 85.08328pt x 35.56593pt.
 [18]
File: logos/logo_dhbw.png Graphic file (type png)
<use logos/logo_dhbw.png>
Package pdftex.def Info: logos/logo_dhbw.png  used on input line 174.
(pdftex.def)             Requested size: 85.08328pt x 35.56593pt.
 [19
pdfTeX warning (ext4): destination with the same identifier (name{figure.14}) h
as been already used, duplicate ignored
<argument> ...shipout:D \box_use:N \l_shipout_box 
                                                  \__shipout_drop_firstpage_...
l.174   \item \textbf
                     {Event-Empfang} ĂĽber eine Ă¶ffentliche Methode <../Diagra
m_SE/06_EStop_Internal_Sequence.png>]
<../Diagram_SE/06_EStop_StateMachine.png, id=312, 875.52094pt x 696.35156pt>
File: ../Diagram_SE/06_EStop_StateMachine.png Graphic file (type png)
<use ../Diagram_SE/06_EStop_StateMachine.png>
Package pdftex.def Info: ../Diagram_SE/06_EStop_StateMachine.png  used on input
 line 191.
(pdftex.def)             Requested size: 432.48051pt x 343.97786pt.

Overfull \hbox (24.99393pt too wide) in paragraph at lines 196--198
\T1/lmr/m/n/12 (-20) Der Zu-stands-au-to-mat (Ab-bil-dung [][]15[][]) de-fi-nie
rt das voll-stän-di-ge Ver-hal-ten von \T1/lmtt/m/n/12 EmergencyStop\T1/lmr/m/n
/12 (-20) . 
 []

File: logos/logo_dhbw.png Graphic file (type png)
<use logos/logo_dhbw.png>
Package pdftex.def Info: logos/logo_dhbw.png  used on input line 199.
(pdftex.def)             Requested size: 85.08328pt x 35.56593pt.
[20
pdfTeX warning (ext4): destination with the same identifier (name{figure.15}) h
as been already used, duplicate ignored
<argument> ...shipout:D \box_use:N \l_shipout_box 
                                                  \__shipout_drop_firstpage_...
l.199 \subsubsection
                    {ZustandsĂĽbergĂ¤nge} <../Diagram_SE/06_EStop_StateMachine.
png>]
Underfull \hbox (badness 10000) in paragraph at lines 208--208
[]|\T1/lmr/m/n/12 (+20) ReleaseRequest
 []


Underfull \hbox (badness 10000) in paragraph at lines 210--210
[]|\T1/lmr/m/n/12 (+20) EmergencyButton /
 []


Underfull \hbox (badness 10000) in paragraph at lines 213--213
[]|\T1/lmr/m/n/12 (+20) ReleaseRequest
 []


Underfull \hbox (badness 10000) in paragraph at lines 214--214
[]|\T1/lmr/m/n/12 (+20) ReleaseRequest
 []

File: logos/logo_dhbw.png Graphic file (type png)
<use logos/logo_dhbw.png>
Package pdftex.def Info: logos/logo_dhbw.png  used on input line 241.
(pdftex.def)             Requested size: 85.08328pt x 35.56593pt.
[21]) (./sections/06_entscheidungen.tex
Underfull \hbox (badness 10000) in paragraph at lines 18--19
[]|\T1/lmr/m/n/12 (+20) Volle Kon-trol-le, mi-ni-ma-ler
 []


Underfull \hbox (badness 4072) in paragraph at lines 19--20
[]|\T1/lmr/m/n/12 (+20) OOP (Klas-sen, Ver-er-bung),
 []


Underfull \hbox (badness 10000) in paragraph at lines 21--22
[]|\T1/lmr/m/n/12 (+20) Keine Ob-jek-t-ori-en-tie-rung,
 []


Underfull \hbox (badness 10000) in paragraph at lines 22--23
[]|\T1/lmr/m/n/12 (+20) Leicht er-höh-ter Code-
 []


Underfull \hbox (badness 4859) in paragraph at lines 22--23
\T1/lmr/m/n/12 (+20) Footprint, RT-TI/Exceptions
 []


Underfull \hbox (badness 3219) in paragraph at lines 26--27
[]|\T1/lmr/bx/n/12 (+20) Eignung Jet-son
 []

File: logos/logo_dhbw.png Graphic file (type png)
<use logos/logo_dhbw.png>
Package pdftex.def Info: logos/logo_dhbw.png  used on input line 31.
(pdftex.def)             Requested size: 85.08328pt x 35.56593pt.
[22]
File: logos/logo_dhbw.png Graphic file (type png)
<use logos/logo_dhbw.png>
Package pdftex.def Info: logos/logo_dhbw.png  used on input line 54.
(pdftex.def)             Requested size: 85.08328pt x 35.56593pt.
 [23]
File: logos/logo_dhbw.png Graphic file (type png)
<use logos/logo_dhbw.png>
Package pdftex.def Info: logos/logo_dhbw.png  used on input line 105.
(pdftex.def)             Requested size: 85.08328pt x 35.56593pt.
 [24]) (./sections/07_traceability.tex
LaTeX Font Info:    External font `lmex10' loaded for size
(Font)              <17.28> on input line 4.
LaTeX Font Info:    External font `lmex10' loaded for size
(Font)              <10> on input line 4.

Underfull \hbox (badness 10000) in paragraph at lines 14--14
[]|\T1/lmr/bx/n/12 (+20) Anforderung (Auf-ga-ben-stel-
 []


Overfull \hbox (27.72028pt too wide) in paragraph at lines 24--25
\T1/lmr/m/n/12 (-20) 02_Component_Overview.png| 
 []


Overfull \hbox (24.39622pt too wide) in paragraph at lines 27--28
\T1/lmr/m/n/12 (-20) 02_Jetson_ClassDiagram.png| 
 []


Overfull \hbox (27.11313pt too wide) in paragraph at lines 30--31
\T1/lmr/m/n/12 (-20) 02_Master_ClassDiagram.png| 
 []


Overfull \hbox (18.08443pt too wide) in paragraph at lines 33--34
\T1/lmr/m/n/12 (-20) 02_Slave_ClassDiagram.png| 
 []


Underfull \hbox (badness 6893) in paragraph at lines 36--37
[]|\T1/lmr/m/n/12 (+20) Hardware/Software-Mapping (De-
 []


Overfull \hbox (23.56151pt too wide) in paragraph at lines 41--42
\T1/lmr/m/n/12 (-20) 04_Sequence_SafetyZone.png| 
 []


Overfull \hbox (6.61589pt too wide) in paragraph at lines 45--46
\T1/lmr/m/n/12 (-20) 05_Sequence_Startup.png| 
 []


Overfull \hbox (18.1183pt too wide) in paragraph at lines 48--49
\T1/lmr/m/n/12 (-20) 05_Sequence_Shutdown.png| 
 []


Overfull \hbox (5.55711pt too wide) in paragraph at lines 54--55
\T1/lmr/m/n/12 (-20) 05_Sequence_Release.png| 
 []


Overfull \hbox (48.89514pt too wide) in paragraph at lines 57--58
\T1/lmr/m/n/12 (-20) 05_Sequence_ReleaseRejected.png| 
 []


Overfull \hbox (30.4054pt too wide) in paragraph at lines 61--62
\T1/lmr/m/n/12 (-20) 06_EStop_Class_Detailed.png
 []


Overfull \hbox (47.38132pt too wide) in paragraph at lines 64--65
\T1/lmr/m/n/12 (-20) 06_EStop_Internal_Sequence.png| 
 []


Overfull \hbox (21.797pt too wide) in paragraph at lines 67--68
\T1/lmr/m/n/12 (-20) 06_EStop_StateMachine.png| 
 []

File: logos/logo_dhbw.png Graphic file (type png)
<use logos/logo_dhbw.png>
Package pdftex.def Info: logos/logo_dhbw.png  used on input line 81.
(pdftex.def)             Requested size: 85.08328pt x 35.56593pt.
[25]
File: logos/logo_dhbw.png Graphic file (type png)
<use logos/logo_dhbw.png>
Package pdftex.def Info: logos/logo_dhbw.png  used on input line 81.
(pdftex.def)             Requested size: 85.08328pt x 35.56593pt.
 [26]) (./sections/08_naechste_schritte.tex
Overfull \hbox (23.23248pt too wide) in paragraph at lines 22--28
[]\T1/lmr/bx/n/12 (-20) [P1 ^^U De-tai-led De-sign] Voll-stän-di-ge Me-tho-den-
lis-te mit Vor-/Nachbedingungen. 
 []

File: logos/logo_dhbw.png Graphic file (type png)
<use logos/logo_dhbw.png>
Package pdftex.def Info: logos/logo_dhbw.png  used on input line 41.
(pdftex.def)             Requested size: 85.08328pt x 35.56593pt.
[27])
File: logos/logo_dhbw.png Graphic file (type png)
<use logos/logo_dhbw.png>
Package pdftex.def Info: logos/logo_dhbw.png  used on input line 168.
(pdftex.def)             Requested size: 85.08328pt x 35.56593pt.
 [28] (./main.aux)
 ***********
LaTeX2e <2023-11-01> patch level 1
L3 programming layer <2024-01-22>
 ***********
Package rerunfilecheck Info: File `main.out' has not changed.
(rerunfilecheck)             Checksum: D41D8CD98F00B204E9800998ECF8427E;0.
 ) 
Here is how much of TeX's memory you used:
 19707 strings out of 476129
 366922 string characters out of 5793187
 1944975 words of memory out of 5000000
 41073 multiletter control sequences out of 15000+600000
 657640 words of font info for 191 fonts, out of 8000000 for 9000
 14 hyphenation exceptions out of 8191
 108i,23n,107p,10899b,783s stack positions out of 10000i,1000n,20000p,200000b,200000s
</usr/share/texmf/fonts/type1/public/lm/lmbx12.pfb></usr/share/texmf/fonts/ty
pe1/public/lm/lmmi12.pfb></usr/share/texmf/fonts/type1/public/lm/lmr12.pfb></us
r/share/texmf/fonts/type1/public/lm/lmr17.pfb></usr/share/texmf/fonts/type1/pub
lic/lm/lmri12.pfb></usr/share/texmf/fonts/type1/public/lm/lmssbx10.pfb></usr/sh
are/texmf/fonts/type1/public/lm/lmsy10.pfb></usr/share/texmf/fonts/type1/public
/lm/lmtk10.pfb></usr/share/texmf/fonts/type1/public/lm/lmtt12.pfb>
Output written on main.pdf (32 pages, 760475 bytes).
PDF statistics:
 639 PDF objects out of 1000 (max. 8388607)
 546 compressed objects within 6 object streams
 146 named destinations out of 1000 (max. 500000)
 52681 words of extra memory for PDF output out of 61914 (max. 10000000)

